<?xml version="1.0" encoding="UTF-8"?>
<testng-results skipped="0" failed="20" ignored="2" total="31" passed="9">
  <reporter-output>
  </reporter-output>
  <suite name="HealthEC PHR PRO Suite" duration-ms="258750" started-at="2018-06-06T02:36:13Z" finished-at="2018-06-06T02:40:32Z">
    <groups>
      <group name="functional">
        <method signature="LoginPageUC.Loginpage_TC_011()[pri:0, instance:com.healthec.test.LoginPageUC@22ef9844]" name="Loginpage_TC_011" class="com.healthec.test.LoginPageUC"/>
      </group> <!-- functional -->
      <group name="smoke">
        <method signature="DashboardPageUC.dashBoardPageTC_001()[pri:0, instance:com.healthec.test.DashboardPageUC@6283d8b8]" name="dashBoardPageTC_001" class="com.healthec.test.DashboardPageUC"/>
        <method signature="DashboardPageUC.dashBoardPageTC_002()[pri:0, instance:com.healthec.test.DashboardPageUC@6283d8b8]" name="dashBoardPageTC_002" class="com.healthec.test.DashboardPageUC"/>
        <method signature="DashboardPageUC.dashBoardPageTC_003()[pri:0, instance:com.healthec.test.DashboardPageUC@6283d8b8]" name="dashBoardPageTC_003" class="com.healthec.test.DashboardPageUC"/>
        <method signature="DashboardPageUC.dashBoardPageTC_004()[pri:0, instance:com.healthec.test.DashboardPageUC@6283d8b8]" name="dashBoardPageTC_004" class="com.healthec.test.DashboardPageUC"/>
        <method signature="DashboardPageUC.dashBoardPageTC_005()[pri:0, instance:com.healthec.test.DashboardPageUC@6283d8b8]" name="dashBoardPageTC_005" class="com.healthec.test.DashboardPageUC"/>
        <method signature="DashboardPageUC.dashBoardPageTC_006()[pri:0, instance:com.healthec.test.DashboardPageUC@6283d8b8]" name="dashBoardPageTC_006" class="com.healthec.test.DashboardPageUC"/>
        <method signature="DashboardPageUC.dashBoardPageTC_007()[pri:0, instance:com.healthec.test.DashboardPageUC@6283d8b8]" name="dashBoardPageTC_007" class="com.healthec.test.DashboardPageUC"/>
        <method signature="DashboardPageUC.dashBoardPageTC_008()[pri:0, instance:com.healthec.test.DashboardPageUC@6283d8b8]" name="dashBoardPageTC_008" class="com.healthec.test.DashboardPageUC"/>
        <method signature="DashboardPageUC.dashBoardPageTC_009()[pri:0, instance:com.healthec.test.DashboardPageUC@6283d8b8]" name="dashBoardPageTC_009" class="com.healthec.test.DashboardPageUC"/>
        <method signature="DashboardPageUC.dashBoardPageTC_010()[pri:0, instance:com.healthec.test.DashboardPageUC@6283d8b8]" name="dashBoardPageTC_010" class="com.healthec.test.DashboardPageUC"/>
        <method signature="DashboardPageUC.dashBoardPageTC_011()[pri:0, instance:com.healthec.test.DashboardPageUC@6283d8b8]" name="dashBoardPageTC_011" class="com.healthec.test.DashboardPageUC"/>
        <method signature="DashboardPageUC.dashBoardPageTC_013()[pri:0, instance:com.healthec.test.DashboardPageUC@6283d8b8]" name="dashBoardPageTC_013" class="com.healthec.test.DashboardPageUC"/>
        <method signature="DashboardPageUC.dashBoardPageTC_015()[pri:0, instance:com.healthec.test.DashboardPageUC@6283d8b8]" name="dashBoardPageTC_015" class="com.healthec.test.DashboardPageUC"/>
        <method signature="DashboardPageUC.dashBoardPageTC_016()[pri:0, instance:com.healthec.test.DashboardPageUC@6283d8b8]" name="dashBoardPageTC_016" class="com.healthec.test.DashboardPageUC"/>
        <method signature="DashboardPageUC.dashBoardPageTC_017()[pri:0, instance:com.healthec.test.DashboardPageUC@6283d8b8]" name="dashBoardPageTC_017" class="com.healthec.test.DashboardPageUC"/>
        <method signature="DashboardPageUC.dashBoardPageTC_018()[pri:0, instance:com.healthec.test.DashboardPageUC@6283d8b8]" name="dashBoardPageTC_018" class="com.healthec.test.DashboardPageUC"/>
        <method signature="DashboardPageUC.dashBoardPageTC_019()[pri:0, instance:com.healthec.test.DashboardPageUC@6283d8b8]" name="dashBoardPageTC_019" class="com.healthec.test.DashboardPageUC"/>
        <method signature="DashboardPageUC.dashBoardPageTC_020()[pri:0, instance:com.healthec.test.DashboardPageUC@6283d8b8]" name="dashBoardPageTC_020" class="com.healthec.test.DashboardPageUC"/>
        <method signature="LoginPageUC.Loginpage_TC_001()[pri:0, instance:com.healthec.test.LoginPageUC@22ef9844]" name="Loginpage_TC_001" class="com.healthec.test.LoginPageUC"/>
        <method signature="LoginPageUC.Loginpage_TC_002()[pri:0, instance:com.healthec.test.LoginPageUC@22ef9844]" name="Loginpage_TC_002" class="com.healthec.test.LoginPageUC"/>
        <method signature="LoginPageUC.Loginpage_TC_003()[pri:0, instance:com.healthec.test.LoginPageUC@22ef9844]" name="Loginpage_TC_003" class="com.healthec.test.LoginPageUC"/>
        <method signature="LoginPageUC.Loginpage_TC_004()[pri:0, instance:com.healthec.test.LoginPageUC@22ef9844]" name="Loginpage_TC_004" class="com.healthec.test.LoginPageUC"/>
        <method signature="LoginPageUC.Loginpage_TC_005()[pri:0, instance:com.healthec.test.LoginPageUC@22ef9844]" name="Loginpage_TC_005" class="com.healthec.test.LoginPageUC"/>
        <method signature="LoginPageUC.Loginpage_TC_006()[pri:0, instance:com.healthec.test.LoginPageUC@22ef9844]" name="Loginpage_TC_006" class="com.healthec.test.LoginPageUC"/>
        <method signature="LoginPageUC.Loginpage_TC_007()[pri:0, instance:com.healthec.test.LoginPageUC@22ef9844]" name="Loginpage_TC_007" class="com.healthec.test.LoginPageUC"/>
        <method signature="LoginPageUC.Loginpage_TC_008()[pri:0, instance:com.healthec.test.LoginPageUC@22ef9844]" name="Loginpage_TC_008" class="com.healthec.test.LoginPageUC"/>
        <method signature="LoginPageUC.Loginpage_TC_009()[pri:0, instance:com.healthec.test.LoginPageUC@22ef9844]" name="Loginpage_TC_009" class="com.healthec.test.LoginPageUC"/>
        <method signature="LoginPageUC.Loginpage_TC_011()[pri:0, instance:com.healthec.test.LoginPageUC@22ef9844]" name="Loginpage_TC_011" class="com.healthec.test.LoginPageUC"/>
        <method signature="LoginPageUC.loginpage_TC_010()[pri:0, instance:com.healthec.test.LoginPageUC@22ef9844]" name="loginpage_TC_010" class="com.healthec.test.LoginPageUC"/>
      </group> <!-- smoke -->
    </groups>
    <test name="LoginPageTest" duration-ms="258750" started-at="2018-06-06T02:36:13Z" finished-at="2018-06-06T02:40:32Z">
      <class name="com.healthec.test.LoginPageUC">
        <test-method status="PASS" signature="beforeloginPageClass()[pri:0, instance:com.healthec.test.LoginPageUC@22ef9844]" name="beforeloginPageClass" is-config="true" duration-ms="40" started-at="2018-06-06T08:06:35Z" finished-at="2018-06-06T08:06:35Z">
          <reporter-output>
          </reporter-output>
        </test-method> <!-- beforeloginPageClass -->
        <test-method status="PASS" signature="getInfo(org.testng.ITestContext, java.lang.reflect.Method)[pri:0, instance:com.healthec.test.LoginPageUC@22ef9844]" name="getInfo" is-config="true" duration-ms="1" started-at="2018-06-06T08:06:35Z" finished-at="2018-06-06T08:06:35Z">
          <params>
            <param index="0">
              <value>
                <![CDATA[org.testng.TestRunner@13579834]]>
              </value>
            </param>
            <param index="1">
              <value>
                <![CDATA[public static void com.healthec.test.LoginPageUC.Loginpage_TC_001() throws java.lang.Exception]]>
              </value>
            </param>
          </params>
          <reporter-output>
          </reporter-output>
        </test-method> <!-- getInfo -->
        <test-method status="PASS" signature="Loginpage_TC_001()[pri:0, instance:com.healthec.test.LoginPageUC@22ef9844]" name="Loginpage_TC_001" duration-ms="8358" started-at="2018-06-06T08:06:35Z" finished-at="2018-06-06T08:06:44Z">
          <reporter-output>
          </reporter-output>
        </test-method> <!-- Loginpage_TC_001 -->
        <test-method status="PASS" signature="getResult(org.testng.ITestResult)[pri:0, instance:com.healthec.test.LoginPageUC@22ef9844]" name="getResult" is-config="true" duration-ms="345" started-at="2018-06-06T08:06:44Z" finished-at="2018-06-06T08:06:44Z">
          <params>
            <param index="0">
              <value>
                <![CDATA[[TestResult name=Loginpage_TC_001 status=SUCCESS method=LoginPageUC.Loginpage_TC_001()[pri:0, instance:com.healthec.test.LoginPageUC@22ef9844] output={null}]]]>
              </value>
            </param>
          </params>
          <reporter-output>
          </reporter-output>
        </test-method> <!-- getResult -->
        <test-method status="PASS" signature="getInfo(org.testng.ITestContext, java.lang.reflect.Method)[pri:0, instance:com.healthec.test.LoginPageUC@22ef9844]" name="getInfo" is-config="true" duration-ms="1" started-at="2018-06-06T08:06:44Z" finished-at="2018-06-06T08:06:44Z">
          <params>
            <param index="0">
              <value>
                <![CDATA[org.testng.TestRunner@13579834]]>
              </value>
            </param>
            <param index="1">
              <value>
                <![CDATA[public static void com.healthec.test.LoginPageUC.Loginpage_TC_002() throws java.lang.Exception]]>
              </value>
            </param>
          </params>
          <reporter-output>
          </reporter-output>
        </test-method> <!-- getInfo -->
        <test-method status="PASS" signature="Loginpage_TC_002()[pri:0, instance:com.healthec.test.LoginPageUC@22ef9844]" name="Loginpage_TC_002" duration-ms="8215" started-at="2018-06-06T08:06:44Z" finished-at="2018-06-06T08:06:52Z">
          <reporter-output>
          </reporter-output>
        </test-method> <!-- Loginpage_TC_002 -->
        <test-method status="PASS" signature="getResult(org.testng.ITestResult)[pri:0, instance:com.healthec.test.LoginPageUC@22ef9844]" name="getResult" is-config="true" duration-ms="160" started-at="2018-06-06T08:06:52Z" finished-at="2018-06-06T08:06:52Z">
          <params>
            <param index="0">
              <value>
                <![CDATA[[TestResult name=Loginpage_TC_002 status=SUCCESS method=LoginPageUC.Loginpage_TC_002()[pri:0, instance:com.healthec.test.LoginPageUC@22ef9844] output={null}]]]>
              </value>
            </param>
          </params>
          <reporter-output>
          </reporter-output>
        </test-method> <!-- getResult -->
        <test-method status="PASS" signature="getInfo(org.testng.ITestContext, java.lang.reflect.Method)[pri:0, instance:com.healthec.test.LoginPageUC@22ef9844]" name="getInfo" is-config="true" duration-ms="1" started-at="2018-06-06T08:06:52Z" finished-at="2018-06-06T08:06:52Z">
          <params>
            <param index="0">
              <value>
                <![CDATA[org.testng.TestRunner@13579834]]>
              </value>
            </param>
            <param index="1">
              <value>
                <![CDATA[public static void com.healthec.test.LoginPageUC.Loginpage_TC_003() throws java.lang.Exception]]>
              </value>
            </param>
          </params>
          <reporter-output>
          </reporter-output>
        </test-method> <!-- getInfo -->
        <test-method status="PASS" signature="Loginpage_TC_003()[pri:0, instance:com.healthec.test.LoginPageUC@22ef9844]" name="Loginpage_TC_003" duration-ms="8230" started-at="2018-06-06T08:06:52Z" finished-at="2018-06-06T08:07:00Z">
          <reporter-output>
          </reporter-output>
        </test-method> <!-- Loginpage_TC_003 -->
        <test-method status="PASS" signature="getResult(org.testng.ITestResult)[pri:0, instance:com.healthec.test.LoginPageUC@22ef9844]" name="getResult" is-config="true" duration-ms="96" started-at="2018-06-06T08:07:00Z" finished-at="2018-06-06T08:07:01Z">
          <params>
            <param index="0">
              <value>
                <![CDATA[[TestResult name=Loginpage_TC_003 status=SUCCESS method=LoginPageUC.Loginpage_TC_003()[pri:0, instance:com.healthec.test.LoginPageUC@22ef9844] output={null}]]]>
              </value>
            </param>
          </params>
          <reporter-output>
          </reporter-output>
        </test-method> <!-- getResult -->
        <test-method status="PASS" signature="getInfo(org.testng.ITestContext, java.lang.reflect.Method)[pri:0, instance:com.healthec.test.LoginPageUC@22ef9844]" name="getInfo" is-config="true" duration-ms="1" started-at="2018-06-06T08:07:01Z" finished-at="2018-06-06T08:07:01Z">
          <params>
            <param index="0">
              <value>
                <![CDATA[org.testng.TestRunner@13579834]]>
              </value>
            </param>
            <param index="1">
              <value>
                <![CDATA[public static void com.healthec.test.LoginPageUC.Loginpage_TC_004() throws java.lang.Exception]]>
              </value>
            </param>
          </params>
          <reporter-output>
          </reporter-output>
        </test-method> <!-- getInfo -->
        <test-method status="PASS" signature="Loginpage_TC_004()[pri:0, instance:com.healthec.test.LoginPageUC@22ef9844]" name="Loginpage_TC_004" duration-ms="13877" started-at="2018-06-06T08:07:01Z" finished-at="2018-06-06T08:07:14Z">
          <reporter-output>
          </reporter-output>
        </test-method> <!-- Loginpage_TC_004 -->
        <test-method status="PASS" signature="getResult(org.testng.ITestResult)[pri:0, instance:com.healthec.test.LoginPageUC@22ef9844]" name="getResult" is-config="true" duration-ms="77" started-at="2018-06-06T08:07:14Z" finished-at="2018-06-06T08:07:15Z">
          <params>
            <param index="0">
              <value>
                <![CDATA[[TestResult name=Loginpage_TC_004 status=SUCCESS method=LoginPageUC.Loginpage_TC_004()[pri:0, instance:com.healthec.test.LoginPageUC@22ef9844] output={null}]]]>
              </value>
            </param>
          </params>
          <reporter-output>
          </reporter-output>
        </test-method> <!-- getResult -->
        <test-method status="PASS" signature="getInfo(org.testng.ITestContext, java.lang.reflect.Method)[pri:0, instance:com.healthec.test.LoginPageUC@22ef9844]" name="getInfo" is-config="true" duration-ms="0" started-at="2018-06-06T08:07:15Z" finished-at="2018-06-06T08:07:15Z">
          <params>
            <param index="0">
              <value>
                <![CDATA[org.testng.TestRunner@13579834]]>
              </value>
            </param>
            <param index="1">
              <value>
                <![CDATA[public static void com.healthec.test.LoginPageUC.Loginpage_TC_005() throws java.lang.InterruptedException]]>
              </value>
            </param>
          </params>
          <reporter-output>
          </reporter-output>
        </test-method> <!-- getInfo -->
        <test-method status="FAIL" signature="Loginpage_TC_005()[pri:0, instance:com.healthec.test.LoginPageUC@22ef9844]" name="Loginpage_TC_005" duration-ms="30603" started-at="2018-06-06T08:07:15Z" finished-at="2018-06-06T08:07:45Z">
          <exception class="java.lang.AssertionError">
            <message>
              <![CDATA[null]]>
            </message>
            <full-stacktrace>
              <![CDATA[java.lang.AssertionError: null
	at org.testng.Assert.fail(Assert.java:93)
	at org.testng.Assert.fail(Assert.java:100)
	at com.healthec.generic.FieldValidation.textFieldValidation(FieldValidation.java:91)
	at com.healthec.test.LoginPageUC.Loginpage_TC_005(LoginPageUC.java:132)
	at sun.reflect.NativeMethodAccessorImpl.invoke0(Native Method)
	at sun.reflect.NativeMethodAccessorImpl.invoke(NativeMethodAccessorImpl.java:62)
	at sun.reflect.DelegatingMethodAccessorImpl.invoke(DelegatingMethodAccessorImpl.java:43)
	at java.lang.reflect.Method.invoke(Method.java:498)
	at org.testng.internal.MethodInvocationHelper.invokeMethod(MethodInvocationHelper.java:108)
	at org.testng.internal.Invoker.invokeMethod(Invoker.java:661)
	at org.testng.internal.Invoker.invokeTestMethod(Invoker.java:869)
	at org.testng.internal.Invoker.invokeTestMethods(Invoker.java:1193)
	at org.testng.internal.TestMethodWorker.invokeTestMethods(TestMethodWorker.java:126)
	at org.testng.internal.TestMethodWorker.run(TestMethodWorker.java:109)
	at org.testng.TestRunner.privateRun(TestRunner.java:744)
	at org.testng.TestRunner.run(TestRunner.java:602)
	at org.testng.SuiteRunner.runTest(SuiteRunner.java:380)
	at org.testng.SuiteRunner.runSequentially(SuiteRunner.java:375)
	at org.testng.SuiteRunner.privateRun(SuiteRunner.java:340)
	at org.testng.SuiteRunner.run(SuiteRunner.java:289)
	at org.testng.SuiteRunnerWorker.runSuite(SuiteRunnerWorker.java:52)
	at org.testng.SuiteRunnerWorker.run(SuiteRunnerWorker.java:86)
	at org.testng.TestNG.runSuitesSequentially(TestNG.java:1301)
	at org.testng.TestNG.runSuitesLocally(TestNG.java:1226)
	at org.testng.TestNG.runSuites(TestNG.java:1144)
	at org.testng.TestNG.run(TestNG.java:1115)
	at org.testng.IDEARemoteTestNG.run(IDEARemoteTestNG.java:72)
	at org.testng.RemoteTestNGStarter.main(RemoteTestNGStarter.java:123)
]]>
            </full-stacktrace>
          </exception> <!-- java.lang.AssertionError -->
          <reporter-output>
          </reporter-output>
        </test-method> <!-- Loginpage_TC_005 -->
        <test-method status="PASS" signature="getResult(org.testng.ITestResult)[pri:0, instance:com.healthec.test.LoginPageUC@22ef9844]" name="getResult" is-config="true" duration-ms="3570" started-at="2018-06-06T08:07:45Z" finished-at="2018-06-06T08:07:49Z">
          <params>
            <param index="0">
              <value>
                <![CDATA[[TestResult name=Loginpage_TC_005 status=FAILURE method=LoginPageUC.Loginpage_TC_005()[pri:0, instance:com.healthec.test.LoginPageUC@22ef9844] output={null}]]]>
              </value>
            </param>
          </params>
          <reporter-output>
          </reporter-output>
        </test-method> <!-- getResult -->
        <test-method status="PASS" signature="getInfo(org.testng.ITestContext, java.lang.reflect.Method)[pri:0, instance:com.healthec.test.LoginPageUC@22ef9844]" name="getInfo" is-config="true" duration-ms="1" started-at="2018-06-06T08:07:49Z" finished-at="2018-06-06T08:07:49Z">
          <params>
            <param index="0">
              <value>
                <![CDATA[org.testng.TestRunner@13579834]]>
              </value>
            </param>
            <param index="1">
              <value>
                <![CDATA[public static void com.healthec.test.LoginPageUC.Loginpage_TC_006()]]>
              </value>
            </param>
          </params>
          <reporter-output>
          </reporter-output>
        </test-method> <!-- getInfo -->
        <test-method status="PASS" signature="Loginpage_TC_006()[pri:0, instance:com.healthec.test.LoginPageUC@22ef9844]" name="Loginpage_TC_006" duration-ms="2553" started-at="2018-06-06T08:07:49Z" finished-at="2018-06-06T08:07:51Z">
          <reporter-output>
          </reporter-output>
        </test-method> <!-- Loginpage_TC_006 -->
        <test-method status="PASS" signature="getResult(org.testng.ITestResult)[pri:0, instance:com.healthec.test.LoginPageUC@22ef9844]" name="getResult" is-config="true" duration-ms="80" started-at="2018-06-06T08:07:51Z" finished-at="2018-06-06T08:07:51Z">
          <params>
            <param index="0">
              <value>
                <![CDATA[[TestResult name=Loginpage_TC_006 status=SUCCESS method=LoginPageUC.Loginpage_TC_006()[pri:0, instance:com.healthec.test.LoginPageUC@22ef9844] output={null}]]]>
              </value>
            </param>
          </params>
          <reporter-output>
          </reporter-output>
        </test-method> <!-- getResult -->
        <test-method status="PASS" signature="getInfo(org.testng.ITestContext, java.lang.reflect.Method)[pri:0, instance:com.healthec.test.LoginPageUC@22ef9844]" name="getInfo" is-config="true" duration-ms="1" started-at="2018-06-06T08:07:51Z" finished-at="2018-06-06T08:07:51Z">
          <params>
            <param index="0">
              <value>
                <![CDATA[org.testng.TestRunner@13579834]]>
              </value>
            </param>
            <param index="1">
              <value>
                <![CDATA[public static void com.healthec.test.LoginPageUC.Loginpage_TC_007() throws java.lang.Exception]]>
              </value>
            </param>
          </params>
          <reporter-output>
          </reporter-output>
        </test-method> <!-- getInfo -->
        <test-method status="FAIL" signature="Loginpage_TC_007()[pri:0, instance:com.healthec.test.LoginPageUC@22ef9844]" name="Loginpage_TC_007" duration-ms="12332" started-at="2018-06-06T08:07:51Z" finished-at="2018-06-06T08:08:04Z">
          <exception class="java.lang.AssertionError">
            <message>
              <![CDATA[expected [User Name Required] but found []]]>
            </message>
            <full-stacktrace>
              <![CDATA[java.lang.AssertionError: expected [User Name Required] but found []
	at org.testng.Assert.fail(Assert.java:93)
	at org.testng.Assert.failNotEquals(Assert.java:512)
	at org.testng.Assert.assertEqualsImpl(Assert.java:134)
	at org.testng.Assert.assertEquals(Assert.java:115)
	at org.testng.Assert.assertEquals(Assert.java:189)
	at org.testng.Assert.assertEquals(Assert.java:199)
	at com.healthec.test.LoginPageUC.Loginpage_TC_007(LoginPageUC.java:165)
	at sun.reflect.NativeMethodAccessorImpl.invoke0(Native Method)
	at sun.reflect.NativeMethodAccessorImpl.invoke(NativeMethodAccessorImpl.java:62)
	at sun.reflect.DelegatingMethodAccessorImpl.invoke(DelegatingMethodAccessorImpl.java:43)
	at java.lang.reflect.Method.invoke(Method.java:498)
	at org.testng.internal.MethodInvocationHelper.invokeMethod(MethodInvocationHelper.java:108)
	at org.testng.internal.Invoker.invokeMethod(Invoker.java:661)
	at org.testng.internal.Invoker.invokeTestMethod(Invoker.java:869)
	at org.testng.internal.Invoker.invokeTestMethods(Invoker.java:1193)
	at org.testng.internal.TestMethodWorker.invokeTestMethods(TestMethodWorker.java:126)
	at org.testng.internal.TestMethodWorker.run(TestMethodWorker.java:109)
	at org.testng.TestRunner.privateRun(TestRunner.java:744)
	at org.testng.TestRunner.run(TestRunner.java:602)
	at org.testng.SuiteRunner.runTest(SuiteRunner.java:380)
	at org.testng.SuiteRunner.runSequentially(SuiteRunner.java:375)
	at org.testng.SuiteRunner.privateRun(SuiteRunner.java:340)
	at org.testng.SuiteRunner.run(SuiteRunner.java:289)
	at org.testng.SuiteRunnerWorker.runSuite(SuiteRunnerWorker.java:52)
	at org.testng.SuiteRunnerWorker.run(SuiteRunnerWorker.java:86)
	at org.testng.TestNG.runSuitesSequentially(TestNG.java:1301)
	at org.testng.TestNG.runSuitesLocally(TestNG.java:1226)
	at org.testng.TestNG.runSuites(TestNG.java:1144)
	at org.testng.TestNG.run(TestNG.java:1115)
	at org.testng.IDEARemoteTestNG.run(IDEARemoteTestNG.java:72)
	at org.testng.RemoteTestNGStarter.main(RemoteTestNGStarter.java:123)
]]>
            </full-stacktrace>
          </exception> <!-- java.lang.AssertionError -->
          <reporter-output>
          </reporter-output>
        </test-method> <!-- Loginpage_TC_007 -->
        <test-method status="PASS" signature="getResult(org.testng.ITestResult)[pri:0, instance:com.healthec.test.LoginPageUC@22ef9844]" name="getResult" is-config="true" duration-ms="3465" started-at="2018-06-06T08:08:04Z" finished-at="2018-06-06T08:08:07Z">
          <params>
            <param index="0">
              <value>
                <![CDATA[[TestResult name=Loginpage_TC_007 status=FAILURE method=LoginPageUC.Loginpage_TC_007()[pri:0, instance:com.healthec.test.LoginPageUC@22ef9844] output={null}]]]>
              </value>
            </param>
          </params>
          <reporter-output>
          </reporter-output>
        </test-method> <!-- getResult -->
        <test-method status="PASS" signature="getInfo(org.testng.ITestContext, java.lang.reflect.Method)[pri:0, instance:com.healthec.test.LoginPageUC@22ef9844]" name="getInfo" is-config="true" duration-ms="0" started-at="2018-06-06T08:08:07Z" finished-at="2018-06-06T08:08:07Z">
          <params>
            <param index="0">
              <value>
                <![CDATA[org.testng.TestRunner@13579834]]>
              </value>
            </param>
            <param index="1">
              <value>
                <![CDATA[public static void com.healthec.test.LoginPageUC.Loginpage_TC_008()]]>
              </value>
            </param>
          </params>
          <reporter-output>
          </reporter-output>
        </test-method> <!-- getInfo -->
        <test-method status="FAIL" signature="Loginpage_TC_008()[pri:0, instance:com.healthec.test.LoginPageUC@22ef9844]" name="Loginpage_TC_008" duration-ms="9400" started-at="2018-06-06T08:08:07Z" finished-at="2018-06-06T08:08:17Z">
          <exception class="java.lang.AssertionError">
            <message>
              <![CDATA[expected [Password Required] but found []]]>
            </message>
            <full-stacktrace>
              <![CDATA[java.lang.AssertionError: expected [Password Required] but found []
	at org.testng.Assert.fail(Assert.java:93)
	at org.testng.Assert.failNotEquals(Assert.java:512)
	at org.testng.Assert.assertEqualsImpl(Assert.java:134)
	at org.testng.Assert.assertEquals(Assert.java:115)
	at org.testng.Assert.assertEquals(Assert.java:189)
	at org.testng.Assert.assertEquals(Assert.java:199)
	at com.healthec.test.LoginPageUC.Loginpage_TC_008(LoginPageUC.java:180)
	at sun.reflect.NativeMethodAccessorImpl.invoke0(Native Method)
	at sun.reflect.NativeMethodAccessorImpl.invoke(NativeMethodAccessorImpl.java:62)
	at sun.reflect.DelegatingMethodAccessorImpl.invoke(DelegatingMethodAccessorImpl.java:43)
	at java.lang.reflect.Method.invoke(Method.java:498)
	at org.testng.internal.MethodInvocationHelper.invokeMethod(MethodInvocationHelper.java:108)
	at org.testng.internal.Invoker.invokeMethod(Invoker.java:661)
	at org.testng.internal.Invoker.invokeTestMethod(Invoker.java:869)
	at org.testng.internal.Invoker.invokeTestMethods(Invoker.java:1193)
	at org.testng.internal.TestMethodWorker.invokeTestMethods(TestMethodWorker.java:126)
	at org.testng.internal.TestMethodWorker.run(TestMethodWorker.java:109)
	at org.testng.TestRunner.privateRun(TestRunner.java:744)
	at org.testng.TestRunner.run(TestRunner.java:602)
	at org.testng.SuiteRunner.runTest(SuiteRunner.java:380)
	at org.testng.SuiteRunner.runSequentially(SuiteRunner.java:375)
	at org.testng.SuiteRunner.privateRun(SuiteRunner.java:340)
	at org.testng.SuiteRunner.run(SuiteRunner.java:289)
	at org.testng.SuiteRunnerWorker.runSuite(SuiteRunnerWorker.java:52)
	at org.testng.SuiteRunnerWorker.run(SuiteRunnerWorker.java:86)
	at org.testng.TestNG.runSuitesSequentially(TestNG.java:1301)
	at org.testng.TestNG.runSuitesLocally(TestNG.java:1226)
	at org.testng.TestNG.runSuites(TestNG.java:1144)
	at org.testng.TestNG.run(TestNG.java:1115)
	at org.testng.IDEARemoteTestNG.run(IDEARemoteTestNG.java:72)
	at org.testng.RemoteTestNGStarter.main(RemoteTestNGStarter.java:123)
]]>
            </full-stacktrace>
          </exception> <!-- java.lang.AssertionError -->
          <reporter-output>
          </reporter-output>
        </test-method> <!-- Loginpage_TC_008 -->
        <test-method status="PASS" signature="getResult(org.testng.ITestResult)[pri:0, instance:com.healthec.test.LoginPageUC@22ef9844]" name="getResult" is-config="true" duration-ms="2998" started-at="2018-06-06T08:08:17Z" finished-at="2018-06-06T08:08:20Z">
          <params>
            <param index="0">
              <value>
                <![CDATA[[TestResult name=Loginpage_TC_008 status=FAILURE method=LoginPageUC.Loginpage_TC_008()[pri:0, instance:com.healthec.test.LoginPageUC@22ef9844] output={null}]]]>
              </value>
            </param>
          </params>
          <reporter-output>
          </reporter-output>
        </test-method> <!-- getResult -->
        <test-method status="PASS" signature="getInfo(org.testng.ITestContext, java.lang.reflect.Method)[pri:0, instance:com.healthec.test.LoginPageUC@22ef9844]" name="getInfo" is-config="true" duration-ms="2" started-at="2018-06-06T08:08:20Z" finished-at="2018-06-06T08:08:20Z">
          <params>
            <param index="0">
              <value>
                <![CDATA[org.testng.TestRunner@13579834]]>
              </value>
            </param>
            <param index="1">
              <value>
                <![CDATA[public static void com.healthec.test.LoginPageUC.Loginpage_TC_009()]]>
              </value>
            </param>
          </params>
          <reporter-output>
          </reporter-output>
        </test-method> <!-- getInfo -->
        <test-method status="PASS" signature="Loginpage_TC_009()[pri:0, instance:com.healthec.test.LoginPageUC@22ef9844]" name="Loginpage_TC_009" duration-ms="18889" started-at="2018-06-06T08:08:20Z" finished-at="2018-06-06T08:08:38Z">
          <reporter-output>
          </reporter-output>
        </test-method> <!-- Loginpage_TC_009 -->
        <test-method status="PASS" signature="getResult(org.testng.ITestResult)[pri:0, instance:com.healthec.test.LoginPageUC@22ef9844]" name="getResult" is-config="true" duration-ms="124" started-at="2018-06-06T08:08:38Z" finished-at="2018-06-06T08:08:39Z">
          <params>
            <param index="0">
              <value>
                <![CDATA[[TestResult name=Loginpage_TC_009 status=SUCCESS method=LoginPageUC.Loginpage_TC_009()[pri:0, instance:com.healthec.test.LoginPageUC@22ef9844] output={null}]]]>
              </value>
            </param>
          </params>
          <reporter-output>
          </reporter-output>
        </test-method> <!-- getResult -->
        <test-method status="PASS" signature="getInfo(org.testng.ITestContext, java.lang.reflect.Method)[pri:0, instance:com.healthec.test.LoginPageUC@22ef9844]" name="getInfo" is-config="true" duration-ms="6" started-at="2018-06-06T08:08:39Z" finished-at="2018-06-06T08:08:39Z">
          <params>
            <param index="0">
              <value>
                <![CDATA[org.testng.TestRunner@13579834]]>
              </value>
            </param>
            <param index="1">
              <value>
                <![CDATA[public static void com.healthec.test.LoginPageUC.Loginpage_TC_011()]]>
              </value>
            </param>
          </params>
          <reporter-output>
          </reporter-output>
        </test-method> <!-- getInfo -->
        <test-method status="PASS" signature="Loginpage_TC_011()[pri:0, instance:com.healthec.test.LoginPageUC@22ef9844]" name="Loginpage_TC_011" duration-ms="25757" started-at="2018-06-06T08:08:39Z" finished-at="2018-06-06T08:09:04Z">
          <reporter-output>
          </reporter-output>
        </test-method> <!-- Loginpage_TC_011 -->
        <test-method status="PASS" signature="getResult(org.testng.ITestResult)[pri:0, instance:com.healthec.test.LoginPageUC@22ef9844]" name="getResult" is-config="true" duration-ms="139" started-at="2018-06-06T08:09:04Z" finished-at="2018-06-06T08:09:04Z">
          <params>
            <param index="0">
              <value>
                <![CDATA[[TestResult name=Loginpage_TC_011 status=SUCCESS method=LoginPageUC.Loginpage_TC_011()[pri:0, instance:com.healthec.test.LoginPageUC@22ef9844] output={null}]]]>
              </value>
            </param>
          </params>
          <reporter-output>
          </reporter-output>
        </test-method> <!-- getResult -->
        <test-method status="PASS" signature="getInfo(org.testng.ITestContext, java.lang.reflect.Method)[pri:0, instance:com.healthec.test.LoginPageUC@22ef9844]" name="getInfo" is-config="true" duration-ms="1" started-at="2018-06-06T08:09:04Z" finished-at="2018-06-06T08:09:04Z">
          <params>
            <param index="0">
              <value>
                <![CDATA[org.testng.TestRunner@13579834]]>
              </value>
            </param>
            <param index="1">
              <value>
                <![CDATA[public static void com.healthec.test.LoginPageUC.loginpage_TC_010()]]>
              </value>
            </param>
          </params>
          <reporter-output>
          </reporter-output>
        </test-method> <!-- getInfo -->
        <test-method status="FAIL" signature="loginpage_TC_010()[pri:0, instance:com.healthec.test.LoginPageUC@22ef9844]" name="loginpage_TC_010" duration-ms="30275" started-at="2018-06-06T08:09:04Z" finished-at="2018-06-06T08:09:35Z">
          <exception class="java.lang.AssertionError">
            <message>
              <![CDATA[null]]>
            </message>
            <full-stacktrace>
              <![CDATA[java.lang.AssertionError: null
	at org.testng.Assert.fail(Assert.java:93)
	at org.testng.Assert.fail(Assert.java:100)
	at com.healthec.generic.FieldValidation.textFieldValidation(FieldValidation.java:91)
	at com.healthec.test.LoginPageUC.loginpage_TC_010(LoginPageUC.java:208)
	at sun.reflect.NativeMethodAccessorImpl.invoke0(Native Method)
	at sun.reflect.NativeMethodAccessorImpl.invoke(NativeMethodAccessorImpl.java:62)
	at sun.reflect.DelegatingMethodAccessorImpl.invoke(DelegatingMethodAccessorImpl.java:43)
	at java.lang.reflect.Method.invoke(Method.java:498)
	at org.testng.internal.MethodInvocationHelper.invokeMethod(MethodInvocationHelper.java:108)
	at org.testng.internal.Invoker.invokeMethod(Invoker.java:661)
	at org.testng.internal.Invoker.invokeTestMethod(Invoker.java:869)
	at org.testng.internal.Invoker.invokeTestMethods(Invoker.java:1193)
	at org.testng.internal.TestMethodWorker.invokeTestMethods(TestMethodWorker.java:126)
	at org.testng.internal.TestMethodWorker.run(TestMethodWorker.java:109)
	at org.testng.TestRunner.privateRun(TestRunner.java:744)
	at org.testng.TestRunner.run(TestRunner.java:602)
	at org.testng.SuiteRunner.runTest(SuiteRunner.java:380)
	at org.testng.SuiteRunner.runSequentially(SuiteRunner.java:375)
	at org.testng.SuiteRunner.privateRun(SuiteRunner.java:340)
	at org.testng.SuiteRunner.run(SuiteRunner.java:289)
	at org.testng.SuiteRunnerWorker.runSuite(SuiteRunnerWorker.java:52)
	at org.testng.SuiteRunnerWorker.run(SuiteRunnerWorker.java:86)
	at org.testng.TestNG.runSuitesSequentially(TestNG.java:1301)
	at org.testng.TestNG.runSuitesLocally(TestNG.java:1226)
	at org.testng.TestNG.runSuites(TestNG.java:1144)
	at org.testng.TestNG.run(TestNG.java:1115)
	at org.testng.IDEARemoteTestNG.run(IDEARemoteTestNG.java:72)
	at org.testng.RemoteTestNGStarter.main(RemoteTestNGStarter.java:123)
]]>
            </full-stacktrace>
          </exception> <!-- java.lang.AssertionError -->
          <reporter-output>
          </reporter-output>
        </test-method> <!-- loginpage_TC_010 -->
        <test-method status="PASS" signature="getResult(org.testng.ITestResult)[pri:0, instance:com.healthec.test.LoginPageUC@22ef9844]" name="getResult" is-config="true" duration-ms="3541" started-at="2018-06-06T08:09:35Z" finished-at="2018-06-06T08:09:38Z">
          <params>
            <param index="0">
              <value>
                <![CDATA[[TestResult name=loginpage_TC_010 status=FAILURE method=LoginPageUC.loginpage_TC_010()[pri:0, instance:com.healthec.test.LoginPageUC@22ef9844] output={null}]]]>
              </value>
            </param>
          </params>
          <reporter-output>
          </reporter-output>
        </test-method> <!-- getResult -->
      </class> <!-- com.healthec.test.LoginPageUC -->
      <class name="com.healthec.test.DashboardPageUC">
        <test-method status="PASS" signature="beforeDashboardPageTest()[pri:0, instance:com.healthec.test.DashboardPageUC@6283d8b8]" name="beforeDashboardPageTest" is-config="true" duration-ms="460" started-at="2018-06-06T08:06:13Z" finished-at="2018-06-06T08:06:14Z">
          <reporter-output>
          </reporter-output>
        </test-method> <!-- beforeDashboardPageTest -->
        <test-method status="PASS" signature="beforeloginPageTest(org.testng.ITestContext)[pri:0, instance:com.healthec.test.LoginPageUC@22ef9844]" name="beforeloginPageTest" is-config="true" duration-ms="21149" started-at="2018-06-06T08:06:14Z" finished-at="2018-06-06T08:06:35Z">
          <params>
            <param index="0">
              <value>
                <![CDATA[org.testng.TestRunner@13579834]]>
              </value>
            </param>
          </params>
          <reporter-output>
          </reporter-output>
        </test-method> <!-- beforeloginPageTest -->
        <test-method status="PASS" signature="beforeDashboardPageClass()[pri:0, instance:com.healthec.test.DashboardPageUC@6283d8b8]" name="beforeDashboardPageClass" is-config="true" duration-ms="21" started-at="2018-06-06T08:09:38Z" finished-at="2018-06-06T08:09:38Z">
          <reporter-output>
          </reporter-output>
        </test-method> <!-- beforeDashboardPageClass -->
        <test-method status="PASS" signature="getInfo(org.testng.ITestContext, java.lang.reflect.Method)[pri:0, instance:com.healthec.test.DashboardPageUC@6283d8b8]" name="getInfo" is-config="true" duration-ms="1" started-at="2018-06-06T08:09:38Z" finished-at="2018-06-06T08:09:38Z">
          <params>
            <param index="0">
              <value>
                <![CDATA[org.testng.TestRunner@13579834]]>
              </value>
            </param>
            <param index="1">
              <value>
                <![CDATA[public static void com.healthec.test.DashboardPageUC.dashBoardPageTC_001()]]>
              </value>
            </param>
          </params>
          <reporter-output>
          </reporter-output>
        </test-method> <!-- getInfo -->
        <test-method status="FAIL" signature="dashBoardPageTC_001()[pri:0, instance:com.healthec.test.DashboardPageUC@6283d8b8]" name="dashBoardPageTC_001" duration-ms="30" started-at="2018-06-06T08:09:38Z" finished-at="2018-06-06T08:09:38Z">
          <exception class="java.lang.AssertionError">
            <message>
              <![CDATA[null]]>
            </message>
            <full-stacktrace>
              <![CDATA[java.lang.AssertionError: null
	at org.testng.Assert.fail(Assert.java:93)
	at org.testng.Assert.fail(Assert.java:100)
	at com.healthec.generic.FieldValidation.textFieldValidation(FieldValidation.java:91)
	at com.healthec.test.DashboardPageUC.dashBoardPageTC_001(DashboardPageUC.java:42)
	at sun.reflect.NativeMethodAccessorImpl.invoke0(Native Method)
	at sun.reflect.NativeMethodAccessorImpl.invoke(NativeMethodAccessorImpl.java:62)
	at sun.reflect.DelegatingMethodAccessorImpl.invoke(DelegatingMethodAccessorImpl.java:43)
	at java.lang.reflect.Method.invoke(Method.java:498)
	at org.testng.internal.MethodInvocationHelper.invokeMethod(MethodInvocationHelper.java:108)
	at org.testng.internal.Invoker.invokeMethod(Invoker.java:661)
	at org.testng.internal.Invoker.invokeTestMethod(Invoker.java:869)
	at org.testng.internal.Invoker.invokeTestMethods(Invoker.java:1193)
	at org.testng.internal.TestMethodWorker.invokeTestMethods(TestMethodWorker.java:126)
	at org.testng.internal.TestMethodWorker.run(TestMethodWorker.java:109)
	at org.testng.TestRunner.privateRun(TestRunner.java:744)
	at org.testng.TestRunner.run(TestRunner.java:602)
	at org.testng.SuiteRunner.runTest(SuiteRunner.java:380)
	at org.testng.SuiteRunner.runSequentially(SuiteRunner.java:375)
	at org.testng.SuiteRunner.privateRun(SuiteRunner.java:340)
	at org.testng.SuiteRunner.run(SuiteRunner.java:289)
	at org.testng.SuiteRunnerWorker.runSuite(SuiteRunnerWorker.java:52)
	at org.testng.SuiteRunnerWorker.run(SuiteRunnerWorker.java:86)
	at org.testng.TestNG.runSuitesSequentially(TestNG.java:1301)
	at org.testng.TestNG.runSuitesLocally(TestNG.java:1226)
	at org.testng.TestNG.runSuites(TestNG.java:1144)
	at org.testng.TestNG.run(TestNG.java:1115)
	at org.testng.IDEARemoteTestNG.run(IDEARemoteTestNG.java:72)
	at org.testng.RemoteTestNGStarter.main(RemoteTestNGStarter.java:123)
]]>
            </full-stacktrace>
          </exception> <!-- java.lang.AssertionError -->
          <reporter-output>
          </reporter-output>
        </test-method> <!-- dashBoardPageTC_001 -->
        <test-method status="PASS" signature="getResult(org.testng.ITestResult)[pri:0, instance:com.healthec.test.DashboardPageUC@6283d8b8]" name="getResult" is-config="true" duration-ms="3194" started-at="2018-06-06T08:09:38Z" finished-at="2018-06-06T08:09:42Z">
          <params>
            <param index="0">
              <value>
                <![CDATA[[TestResult name=dashBoardPageTC_001 status=FAILURE method=DashboardPageUC.dashBoardPageTC_001()[pri:0, instance:com.healthec.test.DashboardPageUC@6283d8b8] output={null}]]]>
              </value>
            </param>
          </params>
          <reporter-output>
          </reporter-output>
        </test-method> <!-- getResult -->
        <test-method status="PASS" signature="getInfo(org.testng.ITestContext, java.lang.reflect.Method)[pri:0, instance:com.healthec.test.DashboardPageUC@6283d8b8]" name="getInfo" is-config="true" duration-ms="1" started-at="2018-06-06T08:09:42Z" finished-at="2018-06-06T08:09:42Z">
          <params>
            <param index="0">
              <value>
                <![CDATA[org.testng.TestRunner@13579834]]>
              </value>
            </param>
            <param index="1">
              <value>
                <![CDATA[public static void com.healthec.test.DashboardPageUC.dashBoardPageTC_002()]]>
              </value>
            </param>
          </params>
          <reporter-output>
          </reporter-output>
        </test-method> <!-- getInfo -->
        <test-method status="FAIL" signature="dashBoardPageTC_002()[pri:0, instance:com.healthec.test.DashboardPageUC@6283d8b8]" name="dashBoardPageTC_002" duration-ms="34" started-at="2018-06-06T08:09:42Z" finished-at="2018-06-06T08:09:42Z">
          <exception class="java.lang.AssertionError">
            <message>
              <![CDATA[null]]>
            </message>
            <full-stacktrace>
              <![CDATA[java.lang.AssertionError: null
	at org.testng.Assert.fail(Assert.java:93)
	at org.testng.Assert.fail(Assert.java:100)
	at com.healthec.generic.FieldValidation.textFieldValidation(FieldValidation.java:91)
	at com.healthec.test.DashboardPageUC.dashBoardPageTC_002(DashboardPageUC.java:53)
	at sun.reflect.NativeMethodAccessorImpl.invoke0(Native Method)
	at sun.reflect.NativeMethodAccessorImpl.invoke(NativeMethodAccessorImpl.java:62)
	at sun.reflect.DelegatingMethodAccessorImpl.invoke(DelegatingMethodAccessorImpl.java:43)
	at java.lang.reflect.Method.invoke(Method.java:498)
	at org.testng.internal.MethodInvocationHelper.invokeMethod(MethodInvocationHelper.java:108)
	at org.testng.internal.Invoker.invokeMethod(Invoker.java:661)
	at org.testng.internal.Invoker.invokeTestMethod(Invoker.java:869)
	at org.testng.internal.Invoker.invokeTestMethods(Invoker.java:1193)
	at org.testng.internal.TestMethodWorker.invokeTestMethods(TestMethodWorker.java:126)
	at org.testng.internal.TestMethodWorker.run(TestMethodWorker.java:109)
	at org.testng.TestRunner.privateRun(TestRunner.java:744)
	at org.testng.TestRunner.run(TestRunner.java:602)
	at org.testng.SuiteRunner.runTest(SuiteRunner.java:380)
	at org.testng.SuiteRunner.runSequentially(SuiteRunner.java:375)
	at org.testng.SuiteRunner.privateRun(SuiteRunner.java:340)
	at org.testng.SuiteRunner.run(SuiteRunner.java:289)
	at org.testng.SuiteRunnerWorker.runSuite(SuiteRunnerWorker.java:52)
	at org.testng.SuiteRunnerWorker.run(SuiteRunnerWorker.java:86)
	at org.testng.TestNG.runSuitesSequentially(TestNG.java:1301)
	at org.testng.TestNG.runSuitesLocally(TestNG.java:1226)
	at org.testng.TestNG.runSuites(TestNG.java:1144)
	at org.testng.TestNG.run(TestNG.java:1115)
	at org.testng.IDEARemoteTestNG.run(IDEARemoteTestNG.java:72)
	at org.testng.RemoteTestNGStarter.main(RemoteTestNGStarter.java:123)
]]>
            </full-stacktrace>
          </exception> <!-- java.lang.AssertionError -->
          <reporter-output>
          </reporter-output>
        </test-method> <!-- dashBoardPageTC_002 -->
        <test-method status="PASS" signature="getResult(org.testng.ITestResult)[pri:0, instance:com.healthec.test.DashboardPageUC@6283d8b8]" name="getResult" is-config="true" duration-ms="4080" started-at="2018-06-06T08:09:42Z" finished-at="2018-06-06T08:09:46Z">
          <params>
            <param index="0">
              <value>
                <![CDATA[[TestResult name=dashBoardPageTC_002 status=FAILURE method=DashboardPageUC.dashBoardPageTC_002()[pri:0, instance:com.healthec.test.DashboardPageUC@6283d8b8] output={null}]]]>
              </value>
            </param>
          </params>
          <reporter-output>
          </reporter-output>
        </test-method> <!-- getResult -->
        <test-method status="PASS" signature="getInfo(org.testng.ITestContext, java.lang.reflect.Method)[pri:0, instance:com.healthec.test.DashboardPageUC@6283d8b8]" name="getInfo" is-config="true" duration-ms="1" started-at="2018-06-06T08:09:46Z" finished-at="2018-06-06T08:09:46Z">
          <params>
            <param index="0">
              <value>
                <![CDATA[org.testng.TestRunner@13579834]]>
              </value>
            </param>
            <param index="1">
              <value>
                <![CDATA[public static void com.healthec.test.DashboardPageUC.dashBoardPageTC_003()]]>
              </value>
            </param>
          </params>
          <reporter-output>
          </reporter-output>
        </test-method> <!-- getInfo -->
        <test-method status="FAIL" signature="dashBoardPageTC_003()[pri:0, instance:com.healthec.test.DashboardPageUC@6283d8b8]" name="dashBoardPageTC_003" duration-ms="41" started-at="2018-06-06T08:09:46Z" finished-at="2018-06-06T08:09:46Z">
          <exception class="java.lang.AssertionError">
            <message>
              <![CDATA[null]]>
            </message>
            <full-stacktrace>
              <![CDATA[java.lang.AssertionError: null
	at org.testng.Assert.fail(Assert.java:93)
	at org.testng.Assert.fail(Assert.java:100)
	at com.healthec.generic.FieldValidation.textFieldValidation(FieldValidation.java:91)
	at com.healthec.test.DashboardPageUC.dashBoardPageTC_003(DashboardPageUC.java:62)
	at sun.reflect.NativeMethodAccessorImpl.invoke0(Native Method)
	at sun.reflect.NativeMethodAccessorImpl.invoke(NativeMethodAccessorImpl.java:62)
	at sun.reflect.DelegatingMethodAccessorImpl.invoke(DelegatingMethodAccessorImpl.java:43)
	at java.lang.reflect.Method.invoke(Method.java:498)
	at org.testng.internal.MethodInvocationHelper.invokeMethod(MethodInvocationHelper.java:108)
	at org.testng.internal.Invoker.invokeMethod(Invoker.java:661)
	at org.testng.internal.Invoker.invokeTestMethod(Invoker.java:869)
	at org.testng.internal.Invoker.invokeTestMethods(Invoker.java:1193)
	at org.testng.internal.TestMethodWorker.invokeTestMethods(TestMethodWorker.java:126)
	at org.testng.internal.TestMethodWorker.run(TestMethodWorker.java:109)
	at org.testng.TestRunner.privateRun(TestRunner.java:744)
	at org.testng.TestRunner.run(TestRunner.java:602)
	at org.testng.SuiteRunner.runTest(SuiteRunner.java:380)
	at org.testng.SuiteRunner.runSequentially(SuiteRunner.java:375)
	at org.testng.SuiteRunner.privateRun(SuiteRunner.java:340)
	at org.testng.SuiteRunner.run(SuiteRunner.java:289)
	at org.testng.SuiteRunnerWorker.runSuite(SuiteRunnerWorker.java:52)
	at org.testng.SuiteRunnerWorker.run(SuiteRunnerWorker.java:86)
	at org.testng.TestNG.runSuitesSequentially(TestNG.java:1301)
	at org.testng.TestNG.runSuitesLocally(TestNG.java:1226)
	at org.testng.TestNG.runSuites(TestNG.java:1144)
	at org.testng.TestNG.run(TestNG.java:1115)
	at org.testng.IDEARemoteTestNG.run(IDEARemoteTestNG.java:72)
	at org.testng.RemoteTestNGStarter.main(RemoteTestNGStarter.java:123)
]]>
            </full-stacktrace>
          </exception> <!-- java.lang.AssertionError -->
          <reporter-output>
          </reporter-output>
        </test-method> <!-- dashBoardPageTC_003 -->
        <test-method status="PASS" signature="getResult(org.testng.ITestResult)[pri:0, instance:com.healthec.test.DashboardPageUC@6283d8b8]" name="getResult" is-config="true" duration-ms="3672" started-at="2018-06-06T08:09:46Z" finished-at="2018-06-06T08:09:49Z">
          <params>
            <param index="0">
              <value>
                <![CDATA[[TestResult name=dashBoardPageTC_003 status=FAILURE method=DashboardPageUC.dashBoardPageTC_003()[pri:0, instance:com.healthec.test.DashboardPageUC@6283d8b8] output={null}]]]>
              </value>
            </param>
          </params>
          <reporter-output>
          </reporter-output>
        </test-method> <!-- getResult -->
        <test-method status="PASS" signature="getInfo(org.testng.ITestContext, java.lang.reflect.Method)[pri:0, instance:com.healthec.test.DashboardPageUC@6283d8b8]" name="getInfo" is-config="true" duration-ms="0" started-at="2018-06-06T08:09:49Z" finished-at="2018-06-06T08:09:49Z">
          <params>
            <param index="0">
              <value>
                <![CDATA[org.testng.TestRunner@13579834]]>
              </value>
            </param>
            <param index="1">
              <value>
                <![CDATA[public static void com.healthec.test.DashboardPageUC.dashBoardPageTC_004()]]>
              </value>
            </param>
          </params>
          <reporter-output>
          </reporter-output>
        </test-method> <!-- getInfo -->
        <test-method status="FAIL" signature="dashBoardPageTC_004()[pri:0, instance:com.healthec.test.DashboardPageUC@6283d8b8]" name="dashBoardPageTC_004" duration-ms="45" started-at="2018-06-06T08:09:49Z" finished-at="2018-06-06T08:09:49Z">
          <exception class="java.lang.AssertionError">
            <message>
              <![CDATA[null]]>
            </message>
            <full-stacktrace>
              <![CDATA[java.lang.AssertionError: null
	at org.testng.Assert.fail(Assert.java:93)
	at org.testng.Assert.fail(Assert.java:100)
	at com.healthec.generic.FieldValidation.textFieldValidation(FieldValidation.java:91)
	at com.healthec.test.DashboardPageUC.dashBoardPageTC_004(DashboardPageUC.java:71)
	at sun.reflect.NativeMethodAccessorImpl.invoke0(Native Method)
	at sun.reflect.NativeMethodAccessorImpl.invoke(NativeMethodAccessorImpl.java:62)
	at sun.reflect.DelegatingMethodAccessorImpl.invoke(DelegatingMethodAccessorImpl.java:43)
	at java.lang.reflect.Method.invoke(Method.java:498)
	at org.testng.internal.MethodInvocationHelper.invokeMethod(MethodInvocationHelper.java:108)
	at org.testng.internal.Invoker.invokeMethod(Invoker.java:661)
	at org.testng.internal.Invoker.invokeTestMethod(Invoker.java:869)
	at org.testng.internal.Invoker.invokeTestMethods(Invoker.java:1193)
	at org.testng.internal.TestMethodWorker.invokeTestMethods(TestMethodWorker.java:126)
	at org.testng.internal.TestMethodWorker.run(TestMethodWorker.java:109)
	at org.testng.TestRunner.privateRun(TestRunner.java:744)
	at org.testng.TestRunner.run(TestRunner.java:602)
	at org.testng.SuiteRunner.runTest(SuiteRunner.java:380)
	at org.testng.SuiteRunner.runSequentially(SuiteRunner.java:375)
	at org.testng.SuiteRunner.privateRun(SuiteRunner.java:340)
	at org.testng.SuiteRunner.run(SuiteRunner.java:289)
	at org.testng.SuiteRunnerWorker.runSuite(SuiteRunnerWorker.java:52)
	at org.testng.SuiteRunnerWorker.run(SuiteRunnerWorker.java:86)
	at org.testng.TestNG.runSuitesSequentially(TestNG.java:1301)
	at org.testng.TestNG.runSuitesLocally(TestNG.java:1226)
	at org.testng.TestNG.runSuites(TestNG.java:1144)
	at org.testng.TestNG.run(TestNG.java:1115)
	at org.testng.IDEARemoteTestNG.run(IDEARemoteTestNG.java:72)
	at org.testng.RemoteTestNGStarter.main(RemoteTestNGStarter.java:123)
]]>
            </full-stacktrace>
          </exception> <!-- java.lang.AssertionError -->
          <reporter-output>
          </reporter-output>
        </test-method> <!-- dashBoardPageTC_004 -->
        <test-method status="PASS" signature="getResult(org.testng.ITestResult)[pri:0, instance:com.healthec.test.DashboardPageUC@6283d8b8]" name="getResult" is-config="true" duration-ms="3971" started-at="2018-06-06T08:09:49Z" finished-at="2018-06-06T08:09:53Z">
          <params>
            <param index="0">
              <value>
                <![CDATA[[TestResult name=dashBoardPageTC_004 status=FAILURE method=DashboardPageUC.dashBoardPageTC_004()[pri:0, instance:com.healthec.test.DashboardPageUC@6283d8b8] output={null}]]]>
              </value>
            </param>
          </params>
          <reporter-output>
          </reporter-output>
        </test-method> <!-- getResult -->
        <test-method status="PASS" signature="getInfo(org.testng.ITestContext, java.lang.reflect.Method)[pri:0, instance:com.healthec.test.DashboardPageUC@6283d8b8]" name="getInfo" is-config="true" duration-ms="3" started-at="2018-06-06T08:09:53Z" finished-at="2018-06-06T08:09:53Z">
          <params>
            <param index="0">
              <value>
                <![CDATA[org.testng.TestRunner@13579834]]>
              </value>
            </param>
            <param index="1">
              <value>
                <![CDATA[public static void com.healthec.test.DashboardPageUC.dashBoardPageTC_005()]]>
              </value>
            </param>
          </params>
          <reporter-output>
          </reporter-output>
        </test-method> <!-- getInfo -->
        <test-method status="FAIL" signature="dashBoardPageTC_005()[pri:0, instance:com.healthec.test.DashboardPageUC@6283d8b8]" name="dashBoardPageTC_005" duration-ms="38" started-at="2018-06-06T08:09:53Z" finished-at="2018-06-06T08:09:53Z">
          <exception class="java.lang.AssertionError">
            <message>
              <![CDATA[null]]>
            </message>
            <full-stacktrace>
              <![CDATA[java.lang.AssertionError: null
	at org.testng.Assert.fail(Assert.java:93)
	at org.testng.Assert.fail(Assert.java:100)
	at com.healthec.generic.FieldValidation.textFieldValidation(FieldValidation.java:91)
	at com.healthec.test.DashboardPageUC.dashBoardPageTC_005(DashboardPageUC.java:80)
	at sun.reflect.NativeMethodAccessorImpl.invoke0(Native Method)
	at sun.reflect.NativeMethodAccessorImpl.invoke(NativeMethodAccessorImpl.java:62)
	at sun.reflect.DelegatingMethodAccessorImpl.invoke(DelegatingMethodAccessorImpl.java:43)
	at java.lang.reflect.Method.invoke(Method.java:498)
	at org.testng.internal.MethodInvocationHelper.invokeMethod(MethodInvocationHelper.java:108)
	at org.testng.internal.Invoker.invokeMethod(Invoker.java:661)
	at org.testng.internal.Invoker.invokeTestMethod(Invoker.java:869)
	at org.testng.internal.Invoker.invokeTestMethods(Invoker.java:1193)
	at org.testng.internal.TestMethodWorker.invokeTestMethods(TestMethodWorker.java:126)
	at org.testng.internal.TestMethodWorker.run(TestMethodWorker.java:109)
	at org.testng.TestRunner.privateRun(TestRunner.java:744)
	at org.testng.TestRunner.run(TestRunner.java:602)
	at org.testng.SuiteRunner.runTest(SuiteRunner.java:380)
	at org.testng.SuiteRunner.runSequentially(SuiteRunner.java:375)
	at org.testng.SuiteRunner.privateRun(SuiteRunner.java:340)
	at org.testng.SuiteRunner.run(SuiteRunner.java:289)
	at org.testng.SuiteRunnerWorker.runSuite(SuiteRunnerWorker.java:52)
	at org.testng.SuiteRunnerWorker.run(SuiteRunnerWorker.java:86)
	at org.testng.TestNG.runSuitesSequentially(TestNG.java:1301)
	at org.testng.TestNG.runSuitesLocally(TestNG.java:1226)
	at org.testng.TestNG.runSuites(TestNG.java:1144)
	at org.testng.TestNG.run(TestNG.java:1115)
	at org.testng.IDEARemoteTestNG.run(IDEARemoteTestNG.java:72)
	at org.testng.RemoteTestNGStarter.main(RemoteTestNGStarter.java:123)
]]>
            </full-stacktrace>
          </exception> <!-- java.lang.AssertionError -->
          <reporter-output>
          </reporter-output>
        </test-method> <!-- dashBoardPageTC_005 -->
        <test-method status="PASS" signature="getResult(org.testng.ITestResult)[pri:0, instance:com.healthec.test.DashboardPageUC@6283d8b8]" name="getResult" is-config="true" duration-ms="3037" started-at="2018-06-06T08:09:53Z" finished-at="2018-06-06T08:09:56Z">
          <params>
            <param index="0">
              <value>
                <![CDATA[[TestResult name=dashBoardPageTC_005 status=FAILURE method=DashboardPageUC.dashBoardPageTC_005()[pri:0, instance:com.healthec.test.DashboardPageUC@6283d8b8] output={null}]]]>
              </value>
            </param>
          </params>
          <reporter-output>
          </reporter-output>
        </test-method> <!-- getResult -->
        <test-method status="PASS" signature="getInfo(org.testng.ITestContext, java.lang.reflect.Method)[pri:0, instance:com.healthec.test.DashboardPageUC@6283d8b8]" name="getInfo" is-config="true" duration-ms="0" started-at="2018-06-06T08:09:56Z" finished-at="2018-06-06T08:09:56Z">
          <params>
            <param index="0">
              <value>
                <![CDATA[org.testng.TestRunner@13579834]]>
              </value>
            </param>
            <param index="1">
              <value>
                <![CDATA[public static void com.healthec.test.DashboardPageUC.dashBoardPageTC_006()]]>
              </value>
            </param>
          </params>
          <reporter-output>
          </reporter-output>
        </test-method> <!-- getInfo -->
        <test-method status="FAIL" signature="dashBoardPageTC_006()[pri:0, instance:com.healthec.test.DashboardPageUC@6283d8b8]" name="dashBoardPageTC_006" duration-ms="43" started-at="2018-06-06T08:09:56Z" finished-at="2018-06-06T08:09:57Z">
          <exception class="java.lang.AssertionError">
            <message>
              <![CDATA[null]]>
            </message>
            <full-stacktrace>
              <![CDATA[java.lang.AssertionError: null
	at org.testng.Assert.fail(Assert.java:93)
	at org.testng.Assert.fail(Assert.java:100)
	at com.healthec.generic.FieldValidation.textFieldValidation(FieldValidation.java:91)
	at com.healthec.test.DashboardPageUC.dashBoardPageTC_006(DashboardPageUC.java:91)
	at sun.reflect.NativeMethodAccessorImpl.invoke0(Native Method)
	at sun.reflect.NativeMethodAccessorImpl.invoke(NativeMethodAccessorImpl.java:62)
	at sun.reflect.DelegatingMethodAccessorImpl.invoke(DelegatingMethodAccessorImpl.java:43)
	at java.lang.reflect.Method.invoke(Method.java:498)
	at org.testng.internal.MethodInvocationHelper.invokeMethod(MethodInvocationHelper.java:108)
	at org.testng.internal.Invoker.invokeMethod(Invoker.java:661)
	at org.testng.internal.Invoker.invokeTestMethod(Invoker.java:869)
	at org.testng.internal.Invoker.invokeTestMethods(Invoker.java:1193)
	at org.testng.internal.TestMethodWorker.invokeTestMethods(TestMethodWorker.java:126)
	at org.testng.internal.TestMethodWorker.run(TestMethodWorker.java:109)
	at org.testng.TestRunner.privateRun(TestRunner.java:744)
	at org.testng.TestRunner.run(TestRunner.java:602)
	at org.testng.SuiteRunner.runTest(SuiteRunner.java:380)
	at org.testng.SuiteRunner.runSequentially(SuiteRunner.java:375)
	at org.testng.SuiteRunner.privateRun(SuiteRunner.java:340)
	at org.testng.SuiteRunner.run(SuiteRunner.java:289)
	at org.testng.SuiteRunnerWorker.runSuite(SuiteRunnerWorker.java:52)
	at org.testng.SuiteRunnerWorker.run(SuiteRunnerWorker.java:86)
	at org.testng.TestNG.runSuitesSequentially(TestNG.java:1301)
	at org.testng.TestNG.runSuitesLocally(TestNG.java:1226)
	at org.testng.TestNG.runSuites(TestNG.java:1144)
	at org.testng.TestNG.run(TestNG.java:1115)
	at org.testng.IDEARemoteTestNG.run(IDEARemoteTestNG.java:72)
	at org.testng.RemoteTestNGStarter.main(RemoteTestNGStarter.java:123)
]]>
            </full-stacktrace>
          </exception> <!-- java.lang.AssertionError -->
          <reporter-output>
          </reporter-output>
        </test-method> <!-- dashBoardPageTC_006 -->
        <test-method status="PASS" signature="getResult(org.testng.ITestResult)[pri:0, instance:com.healthec.test.DashboardPageUC@6283d8b8]" name="getResult" is-config="true" duration-ms="3109" started-at="2018-06-06T08:09:57Z" finished-at="2018-06-06T08:10:00Z">
          <params>
            <param index="0">
              <value>
                <![CDATA[[TestResult name=dashBoardPageTC_006 status=FAILURE method=DashboardPageUC.dashBoardPageTC_006()[pri:0, instance:com.healthec.test.DashboardPageUC@6283d8b8] output={null}]]]>
              </value>
            </param>
          </params>
          <reporter-output>
          </reporter-output>
        </test-method> <!-- getResult -->
        <test-method status="PASS" signature="getInfo(org.testng.ITestContext, java.lang.reflect.Method)[pri:0, instance:com.healthec.test.DashboardPageUC@6283d8b8]" name="getInfo" is-config="true" duration-ms="1" started-at="2018-06-06T08:10:00Z" finished-at="2018-06-06T08:10:00Z">
          <params>
            <param index="0">
              <value>
                <![CDATA[org.testng.TestRunner@13579834]]>
              </value>
            </param>
            <param index="1">
              <value>
                <![CDATA[public static void com.healthec.test.DashboardPageUC.dashBoardPageTC_007()]]>
              </value>
            </param>
          </params>
          <reporter-output>
          </reporter-output>
        </test-method> <!-- getInfo -->
        <test-method status="PASS" signature="dashBoardPageTC_007()[pri:0, instance:com.healthec.test.DashboardPageUC@6283d8b8]" name="dashBoardPageTC_007" duration-ms="37" started-at="2018-06-06T08:10:00Z" finished-at="2018-06-06T08:10:00Z">
          <reporter-output>
          </reporter-output>
        </test-method> <!-- dashBoardPageTC_007 -->
        <test-method status="PASS" signature="getResult(org.testng.ITestResult)[pri:0, instance:com.healthec.test.DashboardPageUC@6283d8b8]" name="getResult" is-config="true" duration-ms="77" started-at="2018-06-06T08:10:00Z" finished-at="2018-06-06T08:10:00Z">
          <params>
            <param index="0">
              <value>
                <![CDATA[[TestResult name=dashBoardPageTC_007 status=SUCCESS method=DashboardPageUC.dashBoardPageTC_007()[pri:0, instance:com.healthec.test.DashboardPageUC@6283d8b8] output={null}]]]>
              </value>
            </param>
          </params>
          <reporter-output>
          </reporter-output>
        </test-method> <!-- getResult -->
        <test-method status="PASS" signature="dashBoardPageTC_008()[pri:0, instance:com.healthec.test.DashboardPageUC@6283d8b8]" name="dashBoardPageTC_008" duration-ms="1" started-at="2018-06-06T08:10:00Z" finished-at="2018-06-06T08:10:00Z">
          <reporter-output>
          </reporter-output>
        </test-method> <!-- dashBoardPageTC_008 -->
        <test-method status="PASS" signature="getInfo(org.testng.ITestContext, java.lang.reflect.Method)[pri:0, instance:com.healthec.test.DashboardPageUC@6283d8b8]" name="getInfo" is-config="true" duration-ms="0" started-at="2018-06-06T08:10:00Z" finished-at="2018-06-06T08:10:00Z">
          <params>
            <param index="0">
              <value>
                <![CDATA[org.testng.TestRunner@13579834]]>
              </value>
            </param>
            <param index="1">
              <value>
                <![CDATA[public static void com.healthec.test.DashboardPageUC.dashBoardPageTC_008()]]>
              </value>
            </param>
          </params>
          <reporter-output>
          </reporter-output>
        </test-method> <!-- getInfo -->
        <test-method status="PASS" signature="getResult(org.testng.ITestResult)[pri:0, instance:com.healthec.test.DashboardPageUC@6283d8b8]" name="getResult" is-config="true" duration-ms="78" started-at="2018-06-06T08:10:00Z" finished-at="2018-06-06T08:10:00Z">
          <params>
            <param index="0">
              <value>
                <![CDATA[[TestResult name=dashBoardPageTC_008 status=SUCCESS method=DashboardPageUC.dashBoardPageTC_008()[pri:0, instance:com.healthec.test.DashboardPageUC@6283d8b8] output={null}]]]>
              </value>
            </param>
          </params>
          <reporter-output>
          </reporter-output>
        </test-method> <!-- getResult -->
        <test-method status="PASS" signature="getInfo(org.testng.ITestContext, java.lang.reflect.Method)[pri:0, instance:com.healthec.test.DashboardPageUC@6283d8b8]" name="getInfo" is-config="true" duration-ms="1" started-at="2018-06-06T08:10:00Z" finished-at="2018-06-06T08:10:00Z">
          <params>
            <param index="0">
              <value>
                <![CDATA[org.testng.TestRunner@13579834]]>
              </value>
            </param>
            <param index="1">
              <value>
                <![CDATA[public static void com.healthec.test.DashboardPageUC.dashBoardPageTC_009()]]>
              </value>
            </param>
          </params>
          <reporter-output>
          </reporter-output>
        </test-method> <!-- getInfo -->
        <test-method status="FAIL" signature="dashBoardPageTC_009()[pri:0, instance:com.healthec.test.DashboardPageUC@6283d8b8]" name="dashBoardPageTC_009" duration-ms="43" started-at="2018-06-06T08:10:00Z" finished-at="2018-06-06T08:10:00Z">
          <exception class="java.lang.AssertionError">
            <message>
              <![CDATA[null]]>
            </message>
            <full-stacktrace>
              <![CDATA[java.lang.AssertionError: null
	at org.testng.Assert.fail(Assert.java:93)
	at org.testng.Assert.fail(Assert.java:100)
	at com.healthec.generic.FieldValidation.textFieldValidation(FieldValidation.java:91)
	at com.healthec.test.DashboardPageUC.dashBoardPageTC_009(DashboardPageUC.java:138)
	at sun.reflect.NativeMethodAccessorImpl.invoke0(Native Method)
	at sun.reflect.NativeMethodAccessorImpl.invoke(NativeMethodAccessorImpl.java:62)
	at sun.reflect.DelegatingMethodAccessorImpl.invoke(DelegatingMethodAccessorImpl.java:43)
	at java.lang.reflect.Method.invoke(Method.java:498)
	at org.testng.internal.MethodInvocationHelper.invokeMethod(MethodInvocationHelper.java:108)
	at org.testng.internal.Invoker.invokeMethod(Invoker.java:661)
	at org.testng.internal.Invoker.invokeTestMethod(Invoker.java:869)
	at org.testng.internal.Invoker.invokeTestMethods(Invoker.java:1193)
	at org.testng.internal.TestMethodWorker.invokeTestMethods(TestMethodWorker.java:126)
	at org.testng.internal.TestMethodWorker.run(TestMethodWorker.java:109)
	at org.testng.TestRunner.privateRun(TestRunner.java:744)
	at org.testng.TestRunner.run(TestRunner.java:602)
	at org.testng.SuiteRunner.runTest(SuiteRunner.java:380)
	at org.testng.SuiteRunner.runSequentially(SuiteRunner.java:375)
	at org.testng.SuiteRunner.privateRun(SuiteRunner.java:340)
	at org.testng.SuiteRunner.run(SuiteRunner.java:289)
	at org.testng.SuiteRunnerWorker.runSuite(SuiteRunnerWorker.java:52)
	at org.testng.SuiteRunnerWorker.run(SuiteRunnerWorker.java:86)
	at org.testng.TestNG.runSuitesSequentially(TestNG.java:1301)
	at org.testng.TestNG.runSuitesLocally(TestNG.java:1226)
	at org.testng.TestNG.runSuites(TestNG.java:1144)
	at org.testng.TestNG.run(TestNG.java:1115)
	at org.testng.IDEARemoteTestNG.run(IDEARemoteTestNG.java:72)
	at org.testng.RemoteTestNGStarter.main(RemoteTestNGStarter.java:123)
]]>
            </full-stacktrace>
          </exception> <!-- java.lang.AssertionError -->
          <reporter-output>
          </reporter-output>
        </test-method> <!-- dashBoardPageTC_009 -->
        <test-method status="PASS" signature="getResult(org.testng.ITestResult)[pri:0, instance:com.healthec.test.DashboardPageUC@6283d8b8]" name="getResult" is-config="true" duration-ms="2977" started-at="2018-06-06T08:10:00Z" finished-at="2018-06-06T08:10:03Z">
          <params>
            <param index="0">
              <value>
                <![CDATA[[TestResult name=dashBoardPageTC_009 status=FAILURE method=DashboardPageUC.dashBoardPageTC_009()[pri:0, instance:com.healthec.test.DashboardPageUC@6283d8b8] output={null}]]]>
              </value>
            </param>
          </params>
          <reporter-output>
          </reporter-output>
        </test-method> <!-- getResult -->
        <test-method status="PASS" signature="getInfo(org.testng.ITestContext, java.lang.reflect.Method)[pri:0, instance:com.healthec.test.DashboardPageUC@6283d8b8]" name="getInfo" is-config="true" duration-ms="1" started-at="2018-06-06T08:10:03Z" finished-at="2018-06-06T08:10:03Z">
          <params>
            <param index="0">
              <value>
                <![CDATA[org.testng.TestRunner@13579834]]>
              </value>
            </param>
            <param index="1">
              <value>
                <![CDATA[public static void com.healthec.test.DashboardPageUC.dashBoardPageTC_010()]]>
              </value>
            </param>
          </params>
          <reporter-output>
          </reporter-output>
        </test-method> <!-- getInfo -->
        <test-method status="FAIL" signature="dashBoardPageTC_010()[pri:0, instance:com.healthec.test.DashboardPageUC@6283d8b8]" name="dashBoardPageTC_010" duration-ms="43" started-at="2018-06-06T08:10:03Z" finished-at="2018-06-06T08:10:03Z">
          <exception class="java.lang.AssertionError">
            <message>
              <![CDATA[null]]>
            </message>
            <full-stacktrace>
              <![CDATA[java.lang.AssertionError: null
	at org.testng.Assert.fail(Assert.java:93)
	at org.testng.Assert.fail(Assert.java:100)
	at com.healthec.generic.FieldValidation.textFieldValidation(FieldValidation.java:91)
	at com.healthec.test.DashboardPageUC.dashBoardPageTC_010(DashboardPageUC.java:146)
	at sun.reflect.NativeMethodAccessorImpl.invoke0(Native Method)
	at sun.reflect.NativeMethodAccessorImpl.invoke(NativeMethodAccessorImpl.java:62)
	at sun.reflect.DelegatingMethodAccessorImpl.invoke(DelegatingMethodAccessorImpl.java:43)
	at java.lang.reflect.Method.invoke(Method.java:498)
	at org.testng.internal.MethodInvocationHelper.invokeMethod(MethodInvocationHelper.java:108)
	at org.testng.internal.Invoker.invokeMethod(Invoker.java:661)
	at org.testng.internal.Invoker.invokeTestMethod(Invoker.java:869)
	at org.testng.internal.Invoker.invokeTestMethods(Invoker.java:1193)
	at org.testng.internal.TestMethodWorker.invokeTestMethods(TestMethodWorker.java:126)
	at org.testng.internal.TestMethodWorker.run(TestMethodWorker.java:109)
	at org.testng.TestRunner.privateRun(TestRunner.java:744)
	at org.testng.TestRunner.run(TestRunner.java:602)
	at org.testng.SuiteRunner.runTest(SuiteRunner.java:380)
	at org.testng.SuiteRunner.runSequentially(SuiteRunner.java:375)
	at org.testng.SuiteRunner.privateRun(SuiteRunner.java:340)
	at org.testng.SuiteRunner.run(SuiteRunner.java:289)
	at org.testng.SuiteRunnerWorker.runSuite(SuiteRunnerWorker.java:52)
	at org.testng.SuiteRunnerWorker.run(SuiteRunnerWorker.java:86)
	at org.testng.TestNG.runSuitesSequentially(TestNG.java:1301)
	at org.testng.TestNG.runSuitesLocally(TestNG.java:1226)
	at org.testng.TestNG.runSuites(TestNG.java:1144)
	at org.testng.TestNG.run(TestNG.java:1115)
	at org.testng.IDEARemoteTestNG.run(IDEARemoteTestNG.java:72)
	at org.testng.RemoteTestNGStarter.main(RemoteTestNGStarter.java:123)
]]>
            </full-stacktrace>
          </exception> <!-- java.lang.AssertionError -->
          <reporter-output>
          </reporter-output>
        </test-method> <!-- dashBoardPageTC_010 -->
        <test-method status="PASS" signature="getResult(org.testng.ITestResult)[pri:0, instance:com.healthec.test.DashboardPageUC@6283d8b8]" name="getResult" is-config="true" duration-ms="3136" started-at="2018-06-06T08:10:03Z" finished-at="2018-06-06T08:10:06Z">
          <params>
            <param index="0">
              <value>
                <![CDATA[[TestResult name=dashBoardPageTC_010 status=FAILURE method=DashboardPageUC.dashBoardPageTC_010()[pri:0, instance:com.healthec.test.DashboardPageUC@6283d8b8] output={null}]]]>
              </value>
            </param>
          </params>
          <reporter-output>
          </reporter-output>
        </test-method> <!-- getResult -->
        <test-method status="PASS" signature="getInfo(org.testng.ITestContext, java.lang.reflect.Method)[pri:0, instance:com.healthec.test.DashboardPageUC@6283d8b8]" name="getInfo" is-config="true" duration-ms="1" started-at="2018-06-06T08:10:06Z" finished-at="2018-06-06T08:10:06Z">
          <params>
            <param index="0">
              <value>
                <![CDATA[org.testng.TestRunner@13579834]]>
              </value>
            </param>
            <param index="1">
              <value>
                <![CDATA[public static void com.healthec.test.DashboardPageUC.dashBoardPageTC_011()]]>
              </value>
            </param>
          </params>
          <reporter-output>
          </reporter-output>
        </test-method> <!-- getInfo -->
        <test-method status="FAIL" signature="dashBoardPageTC_011()[pri:0, instance:com.healthec.test.DashboardPageUC@6283d8b8]" name="dashBoardPageTC_011" duration-ms="281" started-at="2018-06-06T08:10:06Z" finished-at="2018-06-06T08:10:06Z">
          <exception class="java.lang.AssertionError">
            <message>
              <![CDATA[null]]>
            </message>
            <full-stacktrace>
              <![CDATA[java.lang.AssertionError: null
	at org.testng.Assert.fail(Assert.java:93)
	at org.testng.Assert.fail(Assert.java:100)
	at com.healthec.generic.FieldValidation.textFieldValidation(FieldValidation.java:91)
	at com.healthec.test.DashboardPageUC.dashBoardPageTC_011(DashboardPageUC.java:157)
	at sun.reflect.NativeMethodAccessorImpl.invoke0(Native Method)
	at sun.reflect.NativeMethodAccessorImpl.invoke(NativeMethodAccessorImpl.java:62)
	at sun.reflect.DelegatingMethodAccessorImpl.invoke(DelegatingMethodAccessorImpl.java:43)
	at java.lang.reflect.Method.invoke(Method.java:498)
	at org.testng.internal.MethodInvocationHelper.invokeMethod(MethodInvocationHelper.java:108)
	at org.testng.internal.Invoker.invokeMethod(Invoker.java:661)
	at org.testng.internal.Invoker.invokeTestMethod(Invoker.java:869)
	at org.testng.internal.Invoker.invokeTestMethods(Invoker.java:1193)
	at org.testng.internal.TestMethodWorker.invokeTestMethods(TestMethodWorker.java:126)
	at org.testng.internal.TestMethodWorker.run(TestMethodWorker.java:109)
	at org.testng.TestRunner.privateRun(TestRunner.java:744)
	at org.testng.TestRunner.run(TestRunner.java:602)
	at org.testng.SuiteRunner.runTest(SuiteRunner.java:380)
	at org.testng.SuiteRunner.runSequentially(SuiteRunner.java:375)
	at org.testng.SuiteRunner.privateRun(SuiteRunner.java:340)
	at org.testng.SuiteRunner.run(SuiteRunner.java:289)
	at org.testng.SuiteRunnerWorker.runSuite(SuiteRunnerWorker.java:52)
	at org.testng.SuiteRunnerWorker.run(SuiteRunnerWorker.java:86)
	at org.testng.TestNG.runSuitesSequentially(TestNG.java:1301)
	at org.testng.TestNG.runSuitesLocally(TestNG.java:1226)
	at org.testng.TestNG.runSuites(TestNG.java:1144)
	at org.testng.TestNG.run(TestNG.java:1115)
	at org.testng.IDEARemoteTestNG.run(IDEARemoteTestNG.java:72)
	at org.testng.RemoteTestNGStarter.main(RemoteTestNGStarter.java:123)
]]>
            </full-stacktrace>
          </exception> <!-- java.lang.AssertionError -->
          <reporter-output>
          </reporter-output>
        </test-method> <!-- dashBoardPageTC_011 -->
        <test-method status="PASS" signature="getResult(org.testng.ITestResult)[pri:0, instance:com.healthec.test.DashboardPageUC@6283d8b8]" name="getResult" is-config="true" duration-ms="3207" started-at="2018-06-06T08:10:06Z" finished-at="2018-06-06T08:10:10Z">
          <params>
            <param index="0">
              <value>
                <![CDATA[[TestResult name=dashBoardPageTC_011 status=FAILURE method=DashboardPageUC.dashBoardPageTC_011()[pri:0, instance:com.healthec.test.DashboardPageUC@6283d8b8] output={null}]]]>
              </value>
            </param>
          </params>
          <reporter-output>
          </reporter-output>
        </test-method> <!-- getResult -->
        <test-method status="PASS" signature="getInfo(org.testng.ITestContext, java.lang.reflect.Method)[pri:0, instance:com.healthec.test.DashboardPageUC@6283d8b8]" name="getInfo" is-config="true" duration-ms="1" started-at="2018-06-06T08:10:10Z" finished-at="2018-06-06T08:10:10Z">
          <params>
            <param index="0">
              <value>
                <![CDATA[org.testng.TestRunner@13579834]]>
              </value>
            </param>
            <param index="1">
              <value>
                <![CDATA[public static void com.healthec.test.DashboardPageUC.dashBoardPageTC_013()]]>
              </value>
            </param>
          </params>
          <reporter-output>
          </reporter-output>
        </test-method> <!-- getInfo -->
        <test-method status="FAIL" signature="dashBoardPageTC_013()[pri:0, instance:com.healthec.test.DashboardPageUC@6283d8b8]" name="dashBoardPageTC_013" duration-ms="39" started-at="2018-06-06T08:10:10Z" finished-at="2018-06-06T08:10:10Z">
          <exception class="java.lang.AssertionError">
            <message>
              <![CDATA[null]]>
            </message>
            <full-stacktrace>
              <![CDATA[java.lang.AssertionError: null
	at org.testng.Assert.fail(Assert.java:93)
	at org.testng.Assert.fail(Assert.java:100)
	at com.healthec.generic.FieldValidation.textFieldValidation(FieldValidation.java:91)
	at com.healthec.test.DashboardPageUC.dashBoardPageTC_013(DashboardPageUC.java:179)
	at sun.reflect.NativeMethodAccessorImpl.invoke0(Native Method)
	at sun.reflect.NativeMethodAccessorImpl.invoke(NativeMethodAccessorImpl.java:62)
	at sun.reflect.DelegatingMethodAccessorImpl.invoke(DelegatingMethodAccessorImpl.java:43)
	at java.lang.reflect.Method.invoke(Method.java:498)
	at org.testng.internal.MethodInvocationHelper.invokeMethod(MethodInvocationHelper.java:108)
	at org.testng.internal.Invoker.invokeMethod(Invoker.java:661)
	at org.testng.internal.Invoker.invokeTestMethod(Invoker.java:869)
	at org.testng.internal.Invoker.invokeTestMethods(Invoker.java:1193)
	at org.testng.internal.TestMethodWorker.invokeTestMethods(TestMethodWorker.java:126)
	at org.testng.internal.TestMethodWorker.run(TestMethodWorker.java:109)
	at org.testng.TestRunner.privateRun(TestRunner.java:744)
	at org.testng.TestRunner.run(TestRunner.java:602)
	at org.testng.SuiteRunner.runTest(SuiteRunner.java:380)
	at org.testng.SuiteRunner.runSequentially(SuiteRunner.java:375)
	at org.testng.SuiteRunner.privateRun(SuiteRunner.java:340)
	at org.testng.SuiteRunner.run(SuiteRunner.java:289)
	at org.testng.SuiteRunnerWorker.runSuite(SuiteRunnerWorker.java:52)
	at org.testng.SuiteRunnerWorker.run(SuiteRunnerWorker.java:86)
	at org.testng.TestNG.runSuitesSequentially(TestNG.java:1301)
	at org.testng.TestNG.runSuitesLocally(TestNG.java:1226)
	at org.testng.TestNG.runSuites(TestNG.java:1144)
	at org.testng.TestNG.run(TestNG.java:1115)
	at org.testng.IDEARemoteTestNG.run(IDEARemoteTestNG.java:72)
	at org.testng.RemoteTestNGStarter.main(RemoteTestNGStarter.java:123)
]]>
            </full-stacktrace>
          </exception> <!-- java.lang.AssertionError -->
          <reporter-output>
          </reporter-output>
        </test-method> <!-- dashBoardPageTC_013 -->
        <test-method status="PASS" signature="getResult(org.testng.ITestResult)[pri:0, instance:com.healthec.test.DashboardPageUC@6283d8b8]" name="getResult" is-config="true" duration-ms="3394" started-at="2018-06-06T08:10:10Z" finished-at="2018-06-06T08:10:13Z">
          <params>
            <param index="0">
              <value>
                <![CDATA[[TestResult name=dashBoardPageTC_013 status=FAILURE method=DashboardPageUC.dashBoardPageTC_013()[pri:0, instance:com.healthec.test.DashboardPageUC@6283d8b8] output={null}]]]>
              </value>
            </param>
          </params>
          <reporter-output>
          </reporter-output>
        </test-method> <!-- getResult -->
        <test-method status="PASS" signature="getInfo(org.testng.ITestContext, java.lang.reflect.Method)[pri:0, instance:com.healthec.test.DashboardPageUC@6283d8b8]" name="getInfo" is-config="true" duration-ms="1" started-at="2018-06-06T08:10:13Z" finished-at="2018-06-06T08:10:13Z">
          <params>
            <param index="0">
              <value>
                <![CDATA[org.testng.TestRunner@13579834]]>
              </value>
            </param>
            <param index="1">
              <value>
                <![CDATA[public static void com.healthec.test.DashboardPageUC.dashBoardPageTC_015()]]>
              </value>
            </param>
          </params>
          <reporter-output>
          </reporter-output>
        </test-method> <!-- getInfo -->
        <test-method status="FAIL" signature="dashBoardPageTC_015()[pri:0, instance:com.healthec.test.DashboardPageUC@6283d8b8]" name="dashBoardPageTC_015" duration-ms="39" started-at="2018-06-06T08:10:13Z" finished-at="2018-06-06T08:10:13Z">
          <exception class="java.lang.AssertionError">
            <message>
              <![CDATA[null]]>
            </message>
            <full-stacktrace>
              <![CDATA[java.lang.AssertionError: null
	at org.testng.Assert.fail(Assert.java:93)
	at org.testng.Assert.fail(Assert.java:100)
	at com.healthec.generic.FieldValidation.textFieldValidation(FieldValidation.java:91)
	at com.healthec.test.DashboardPageUC.dashBoardPageTC_015(DashboardPageUC.java:209)
	at sun.reflect.NativeMethodAccessorImpl.invoke0(Native Method)
	at sun.reflect.NativeMethodAccessorImpl.invoke(NativeMethodAccessorImpl.java:62)
	at sun.reflect.DelegatingMethodAccessorImpl.invoke(DelegatingMethodAccessorImpl.java:43)
	at java.lang.reflect.Method.invoke(Method.java:498)
	at org.testng.internal.MethodInvocationHelper.invokeMethod(MethodInvocationHelper.java:108)
	at org.testng.internal.Invoker.invokeMethod(Invoker.java:661)
	at org.testng.internal.Invoker.invokeTestMethod(Invoker.java:869)
	at org.testng.internal.Invoker.invokeTestMethods(Invoker.java:1193)
	at org.testng.internal.TestMethodWorker.invokeTestMethods(TestMethodWorker.java:126)
	at org.testng.internal.TestMethodWorker.run(TestMethodWorker.java:109)
	at org.testng.TestRunner.privateRun(TestRunner.java:744)
	at org.testng.TestRunner.run(TestRunner.java:602)
	at org.testng.SuiteRunner.runTest(SuiteRunner.java:380)
	at org.testng.SuiteRunner.runSequentially(SuiteRunner.java:375)
	at org.testng.SuiteRunner.privateRun(SuiteRunner.java:340)
	at org.testng.SuiteRunner.run(SuiteRunner.java:289)
	at org.testng.SuiteRunnerWorker.runSuite(SuiteRunnerWorker.java:52)
	at org.testng.SuiteRunnerWorker.run(SuiteRunnerWorker.java:86)
	at org.testng.TestNG.runSuitesSequentially(TestNG.java:1301)
	at org.testng.TestNG.runSuitesLocally(TestNG.java:1226)
	at org.testng.TestNG.runSuites(TestNG.java:1144)
	at org.testng.TestNG.run(TestNG.java:1115)
	at org.testng.IDEARemoteTestNG.run(IDEARemoteTestNG.java:72)
	at org.testng.RemoteTestNGStarter.main(RemoteTestNGStarter.java:123)
]]>
            </full-stacktrace>
          </exception> <!-- java.lang.AssertionError -->
          <reporter-output>
          </reporter-output>
        </test-method> <!-- dashBoardPageTC_015 -->
        <test-method status="PASS" signature="getResult(org.testng.ITestResult)[pri:0, instance:com.healthec.test.DashboardPageUC@6283d8b8]" name="getResult" is-config="true" duration-ms="3108" started-at="2018-06-06T08:10:13Z" finished-at="2018-06-06T08:10:16Z">
          <params>
            <param index="0">
              <value>
                <![CDATA[[TestResult name=dashBoardPageTC_015 status=FAILURE method=DashboardPageUC.dashBoardPageTC_015()[pri:0, instance:com.healthec.test.DashboardPageUC@6283d8b8] output={null}]]]>
              </value>
            </param>
          </params>
          <reporter-output>
          </reporter-output>
        </test-method> <!-- getResult -->
        <test-method status="PASS" signature="getInfo(org.testng.ITestContext, java.lang.reflect.Method)[pri:0, instance:com.healthec.test.DashboardPageUC@6283d8b8]" name="getInfo" is-config="true" duration-ms="1" started-at="2018-06-06T08:10:16Z" finished-at="2018-06-06T08:10:16Z">
          <params>
            <param index="0">
              <value>
                <![CDATA[org.testng.TestRunner@13579834]]>
              </value>
            </param>
            <param index="1">
              <value>
                <![CDATA[public static void com.healthec.test.DashboardPageUC.dashBoardPageTC_016()]]>
              </value>
            </param>
          </params>
          <reporter-output>
          </reporter-output>
        </test-method> <!-- getInfo -->
        <test-method status="FAIL" signature="dashBoardPageTC_016()[pri:0, instance:com.healthec.test.DashboardPageUC@6283d8b8]" name="dashBoardPageTC_016" duration-ms="45" started-at="2018-06-06T08:10:16Z" finished-at="2018-06-06T08:10:16Z">
          <exception class="java.lang.AssertionError">
            <message>
              <![CDATA[null]]>
            </message>
            <full-stacktrace>
              <![CDATA[java.lang.AssertionError: null
	at org.testng.Assert.fail(Assert.java:93)
	at org.testng.Assert.fail(Assert.java:100)
	at com.healthec.generic.FieldValidation.textFieldValidation(FieldValidation.java:91)
	at com.healthec.test.DashboardPageUC.dashBoardPageTC_016(DashboardPageUC.java:220)
	at sun.reflect.NativeMethodAccessorImpl.invoke0(Native Method)
	at sun.reflect.NativeMethodAccessorImpl.invoke(NativeMethodAccessorImpl.java:62)
	at sun.reflect.DelegatingMethodAccessorImpl.invoke(DelegatingMethodAccessorImpl.java:43)
	at java.lang.reflect.Method.invoke(Method.java:498)
	at org.testng.internal.MethodInvocationHelper.invokeMethod(MethodInvocationHelper.java:108)
	at org.testng.internal.Invoker.invokeMethod(Invoker.java:661)
	at org.testng.internal.Invoker.invokeTestMethod(Invoker.java:869)
	at org.testng.internal.Invoker.invokeTestMethods(Invoker.java:1193)
	at org.testng.internal.TestMethodWorker.invokeTestMethods(TestMethodWorker.java:126)
	at org.testng.internal.TestMethodWorker.run(TestMethodWorker.java:109)
	at org.testng.TestRunner.privateRun(TestRunner.java:744)
	at org.testng.TestRunner.run(TestRunner.java:602)
	at org.testng.SuiteRunner.runTest(SuiteRunner.java:380)
	at org.testng.SuiteRunner.runSequentially(SuiteRunner.java:375)
	at org.testng.SuiteRunner.privateRun(SuiteRunner.java:340)
	at org.testng.SuiteRunner.run(SuiteRunner.java:289)
	at org.testng.SuiteRunnerWorker.runSuite(SuiteRunnerWorker.java:52)
	at org.testng.SuiteRunnerWorker.run(SuiteRunnerWorker.java:86)
	at org.testng.TestNG.runSuitesSequentially(TestNG.java:1301)
	at org.testng.TestNG.runSuitesLocally(TestNG.java:1226)
	at org.testng.TestNG.runSuites(TestNG.java:1144)
	at org.testng.TestNG.run(TestNG.java:1115)
	at org.testng.IDEARemoteTestNG.run(IDEARemoteTestNG.java:72)
	at org.testng.RemoteTestNGStarter.main(RemoteTestNGStarter.java:123)
]]>
            </full-stacktrace>
          </exception> <!-- java.lang.AssertionError -->
          <reporter-output>
          </reporter-output>
        </test-method> <!-- dashBoardPageTC_016 -->
        <test-method status="PASS" signature="getResult(org.testng.ITestResult)[pri:0, instance:com.healthec.test.DashboardPageUC@6283d8b8]" name="getResult" is-config="true" duration-ms="3465" started-at="2018-06-06T08:10:16Z" finished-at="2018-06-06T08:10:20Z">
          <params>
            <param index="0">
              <value>
                <![CDATA[[TestResult name=dashBoardPageTC_016 status=FAILURE method=DashboardPageUC.dashBoardPageTC_016()[pri:0, instance:com.healthec.test.DashboardPageUC@6283d8b8] output={null}]]]>
              </value>
            </param>
          </params>
          <reporter-output>
          </reporter-output>
        </test-method> <!-- getResult -->
        <test-method status="PASS" signature="getInfo(org.testng.ITestContext, java.lang.reflect.Method)[pri:0, instance:com.healthec.test.DashboardPageUC@6283d8b8]" name="getInfo" is-config="true" duration-ms="1" started-at="2018-06-06T08:10:20Z" finished-at="2018-06-06T08:10:20Z">
          <params>
            <param index="0">
              <value>
                <![CDATA[org.testng.TestRunner@13579834]]>
              </value>
            </param>
            <param index="1">
              <value>
                <![CDATA[public static void com.healthec.test.DashboardPageUC.dashBoardPageTC_017()]]>
              </value>
            </param>
          </params>
          <reporter-output>
          </reporter-output>
        </test-method> <!-- getInfo -->
        <test-method status="FAIL" signature="dashBoardPageTC_017()[pri:0, instance:com.healthec.test.DashboardPageUC@6283d8b8]" name="dashBoardPageTC_017" duration-ms="39" started-at="2018-06-06T08:10:20Z" finished-at="2018-06-06T08:10:20Z">
          <exception class="java.lang.AssertionError">
            <message>
              <![CDATA[null]]>
            </message>
            <full-stacktrace>
              <![CDATA[java.lang.AssertionError: null
	at org.testng.Assert.fail(Assert.java:93)
	at org.testng.Assert.fail(Assert.java:100)
	at com.healthec.generic.FieldValidation.textFieldValidation(FieldValidation.java:91)
	at com.healthec.test.DashboardPageUC.dashBoardPageTC_017(DashboardPageUC.java:230)
	at sun.reflect.NativeMethodAccessorImpl.invoke0(Native Method)
	at sun.reflect.NativeMethodAccessorImpl.invoke(NativeMethodAccessorImpl.java:62)
	at sun.reflect.DelegatingMethodAccessorImpl.invoke(DelegatingMethodAccessorImpl.java:43)
	at java.lang.reflect.Method.invoke(Method.java:498)
	at org.testng.internal.MethodInvocationHelper.invokeMethod(MethodInvocationHelper.java:108)
	at org.testng.internal.Invoker.invokeMethod(Invoker.java:661)
	at org.testng.internal.Invoker.invokeTestMethod(Invoker.java:869)
	at org.testng.internal.Invoker.invokeTestMethods(Invoker.java:1193)
	at org.testng.internal.TestMethodWorker.invokeTestMethods(TestMethodWorker.java:126)
	at org.testng.internal.TestMethodWorker.run(TestMethodWorker.java:109)
	at org.testng.TestRunner.privateRun(TestRunner.java:744)
	at org.testng.TestRunner.run(TestRunner.java:602)
	at org.testng.SuiteRunner.runTest(SuiteRunner.java:380)
	at org.testng.SuiteRunner.runSequentially(SuiteRunner.java:375)
	at org.testng.SuiteRunner.privateRun(SuiteRunner.java:340)
	at org.testng.SuiteRunner.run(SuiteRunner.java:289)
	at org.testng.SuiteRunnerWorker.runSuite(SuiteRunnerWorker.java:52)
	at org.testng.SuiteRunnerWorker.run(SuiteRunnerWorker.java:86)
	at org.testng.TestNG.runSuitesSequentially(TestNG.java:1301)
	at org.testng.TestNG.runSuitesLocally(TestNG.java:1226)
	at org.testng.TestNG.runSuites(TestNG.java:1144)
	at org.testng.TestNG.run(TestNG.java:1115)
	at org.testng.IDEARemoteTestNG.run(IDEARemoteTestNG.java:72)
	at org.testng.RemoteTestNGStarter.main(RemoteTestNGStarter.java:123)
]]>
            </full-stacktrace>
          </exception> <!-- java.lang.AssertionError -->
          <reporter-output>
          </reporter-output>
        </test-method> <!-- dashBoardPageTC_017 -->
        <test-method status="PASS" signature="getResult(org.testng.ITestResult)[pri:0, instance:com.healthec.test.DashboardPageUC@6283d8b8]" name="getResult" is-config="true" duration-ms="3161" started-at="2018-06-06T08:10:20Z" finished-at="2018-06-06T08:10:23Z">
          <params>
            <param index="0">
              <value>
                <![CDATA[[TestResult name=dashBoardPageTC_017 status=FAILURE method=DashboardPageUC.dashBoardPageTC_017()[pri:0, instance:com.healthec.test.DashboardPageUC@6283d8b8] output={null}]]]>
              </value>
            </param>
          </params>
          <reporter-output>
          </reporter-output>
        </test-method> <!-- getResult -->
        <test-method status="PASS" signature="getInfo(org.testng.ITestContext, java.lang.reflect.Method)[pri:0, instance:com.healthec.test.DashboardPageUC@6283d8b8]" name="getInfo" is-config="true" duration-ms="2" started-at="2018-06-06T08:10:23Z" finished-at="2018-06-06T08:10:23Z">
          <params>
            <param index="0">
              <value>
                <![CDATA[org.testng.TestRunner@13579834]]>
              </value>
            </param>
            <param index="1">
              <value>
                <![CDATA[public static void com.healthec.test.DashboardPageUC.dashBoardPageTC_018()]]>
              </value>
            </param>
          </params>
          <reporter-output>
          </reporter-output>
        </test-method> <!-- getInfo -->
        <test-method status="FAIL" signature="dashBoardPageTC_018()[pri:0, instance:com.healthec.test.DashboardPageUC@6283d8b8]" name="dashBoardPageTC_018" duration-ms="70" started-at="2018-06-06T08:10:23Z" finished-at="2018-06-06T08:10:23Z">
          <exception class="java.lang.AssertionError">
            <message>
              <![CDATA[null]]>
            </message>
            <full-stacktrace>
              <![CDATA[java.lang.AssertionError: null
	at org.testng.Assert.fail(Assert.java:93)
	at org.testng.Assert.fail(Assert.java:100)
	at com.healthec.generic.FieldValidation.textFieldValidation(FieldValidation.java:91)
	at com.healthec.test.DashboardPageUC.dashBoardPageTC_018(DashboardPageUC.java:241)
	at sun.reflect.NativeMethodAccessorImpl.invoke0(Native Method)
	at sun.reflect.NativeMethodAccessorImpl.invoke(NativeMethodAccessorImpl.java:62)
	at sun.reflect.DelegatingMethodAccessorImpl.invoke(DelegatingMethodAccessorImpl.java:43)
	at java.lang.reflect.Method.invoke(Method.java:498)
	at org.testng.internal.MethodInvocationHelper.invokeMethod(MethodInvocationHelper.java:108)
	at org.testng.internal.Invoker.invokeMethod(Invoker.java:661)
	at org.testng.internal.Invoker.invokeTestMethod(Invoker.java:869)
	at org.testng.internal.Invoker.invokeTestMethods(Invoker.java:1193)
	at org.testng.internal.TestMethodWorker.invokeTestMethods(TestMethodWorker.java:126)
	at org.testng.internal.TestMethodWorker.run(TestMethodWorker.java:109)
	at org.testng.TestRunner.privateRun(TestRunner.java:744)
	at org.testng.TestRunner.run(TestRunner.java:602)
	at org.testng.SuiteRunner.runTest(SuiteRunner.java:380)
	at org.testng.SuiteRunner.runSequentially(SuiteRunner.java:375)
	at org.testng.SuiteRunner.privateRun(SuiteRunner.java:340)
	at org.testng.SuiteRunner.run(SuiteRunner.java:289)
	at org.testng.SuiteRunnerWorker.runSuite(SuiteRunnerWorker.java:52)
	at org.testng.SuiteRunnerWorker.run(SuiteRunnerWorker.java:86)
	at org.testng.TestNG.runSuitesSequentially(TestNG.java:1301)
	at org.testng.TestNG.runSuitesLocally(TestNG.java:1226)
	at org.testng.TestNG.runSuites(TestNG.java:1144)
	at org.testng.TestNG.run(TestNG.java:1115)
	at org.testng.IDEARemoteTestNG.run(IDEARemoteTestNG.java:72)
	at org.testng.RemoteTestNGStarter.main(RemoteTestNGStarter.java:123)
]]>
            </full-stacktrace>
          </exception> <!-- java.lang.AssertionError -->
          <reporter-output>
          </reporter-output>
        </test-method> <!-- dashBoardPageTC_018 -->
        <test-method status="PASS" signature="getResult(org.testng.ITestResult)[pri:0, instance:com.healthec.test.DashboardPageUC@6283d8b8]" name="getResult" is-config="true" duration-ms="3135" started-at="2018-06-06T08:10:23Z" finished-at="2018-06-06T08:10:26Z">
          <params>
            <param index="0">
              <value>
                <![CDATA[[TestResult name=dashBoardPageTC_018 status=FAILURE method=DashboardPageUC.dashBoardPageTC_018()[pri:0, instance:com.healthec.test.DashboardPageUC@6283d8b8] output={null}]]]>
              </value>
            </param>
          </params>
          <reporter-output>
          </reporter-output>
        </test-method> <!-- getResult -->
        <test-method status="PASS" signature="getInfo(org.testng.ITestContext, java.lang.reflect.Method)[pri:0, instance:com.healthec.test.DashboardPageUC@6283d8b8]" name="getInfo" is-config="true" duration-ms="1" started-at="2018-06-06T08:10:26Z" finished-at="2018-06-06T08:10:26Z">
          <params>
            <param index="0">
              <value>
                <![CDATA[org.testng.TestRunner@13579834]]>
              </value>
            </param>
            <param index="1">
              <value>
                <![CDATA[public static void com.healthec.test.DashboardPageUC.dashBoardPageTC_019()]]>
              </value>
            </param>
          </params>
          <reporter-output>
          </reporter-output>
        </test-method> <!-- getInfo -->
        <test-method status="FAIL" signature="dashBoardPageTC_019()[pri:0, instance:com.healthec.test.DashboardPageUC@6283d8b8]" name="dashBoardPageTC_019" duration-ms="39" started-at="2018-06-06T08:10:26Z" finished-at="2018-06-06T08:10:26Z">
          <exception class="java.lang.AssertionError">
            <message>
              <![CDATA[null]]>
            </message>
            <full-stacktrace>
              <![CDATA[java.lang.AssertionError: null
	at org.testng.Assert.fail(Assert.java:93)
	at org.testng.Assert.fail(Assert.java:100)
	at com.healthec.generic.FieldValidation.textFieldValidation(FieldValidation.java:91)
	at com.healthec.test.DashboardPageUC.dashBoardPageTC_019(DashboardPageUC.java:251)
	at sun.reflect.NativeMethodAccessorImpl.invoke0(Native Method)
	at sun.reflect.NativeMethodAccessorImpl.invoke(NativeMethodAccessorImpl.java:62)
	at sun.reflect.DelegatingMethodAccessorImpl.invoke(DelegatingMethodAccessorImpl.java:43)
	at java.lang.reflect.Method.invoke(Method.java:498)
	at org.testng.internal.MethodInvocationHelper.invokeMethod(MethodInvocationHelper.java:108)
	at org.testng.internal.Invoker.invokeMethod(Invoker.java:661)
	at org.testng.internal.Invoker.invokeTestMethod(Invoker.java:869)
	at org.testng.internal.Invoker.invokeTestMethods(Invoker.java:1193)
	at org.testng.internal.TestMethodWorker.invokeTestMethods(TestMethodWorker.java:126)
	at org.testng.internal.TestMethodWorker.run(TestMethodWorker.java:109)
	at org.testng.TestRunner.privateRun(TestRunner.java:744)
	at org.testng.TestRunner.run(TestRunner.java:602)
	at org.testng.SuiteRunner.runTest(SuiteRunner.java:380)
	at org.testng.SuiteRunner.runSequentially(SuiteRunner.java:375)
	at org.testng.SuiteRunner.privateRun(SuiteRunner.java:340)
	at org.testng.SuiteRunner.run(SuiteRunner.java:289)
	at org.testng.SuiteRunnerWorker.runSuite(SuiteRunnerWorker.java:52)
	at org.testng.SuiteRunnerWorker.run(SuiteRunnerWorker.java:86)
	at org.testng.TestNG.runSuitesSequentially(TestNG.java:1301)
	at org.testng.TestNG.runSuitesLocally(TestNG.java:1226)
	at org.testng.TestNG.runSuites(TestNG.java:1144)
	at org.testng.TestNG.run(TestNG.java:1115)
	at org.testng.IDEARemoteTestNG.run(IDEARemoteTestNG.java:72)
	at org.testng.RemoteTestNGStarter.main(RemoteTestNGStarter.java:123)
]]>
            </full-stacktrace>
          </exception> <!-- java.lang.AssertionError -->
          <reporter-output>
          </reporter-output>
        </test-method> <!-- dashBoardPageTC_019 -->
        <test-method status="PASS" signature="getResult(org.testng.ITestResult)[pri:0, instance:com.healthec.test.DashboardPageUC@6283d8b8]" name="getResult" is-config="true" duration-ms="2972" started-at="2018-06-06T08:10:26Z" finished-at="2018-06-06T08:10:29Z">
          <params>
            <param index="0">
              <value>
                <![CDATA[[TestResult name=dashBoardPageTC_019 status=FAILURE method=DashboardPageUC.dashBoardPageTC_019()[pri:0, instance:com.healthec.test.DashboardPageUC@6283d8b8] output={null}]]]>
              </value>
            </param>
          </params>
          <reporter-output>
          </reporter-output>
        </test-method> <!-- getResult -->
        <test-method status="PASS" signature="getInfo(org.testng.ITestContext, java.lang.reflect.Method)[pri:0, instance:com.healthec.test.DashboardPageUC@6283d8b8]" name="getInfo" is-config="true" duration-ms="1" started-at="2018-06-06T08:10:29Z" finished-at="2018-06-06T08:10:29Z">
          <params>
            <param index="0">
              <value>
                <![CDATA[org.testng.TestRunner@13579834]]>
              </value>
            </param>
            <param index="1">
              <value>
                <![CDATA[public static void com.healthec.test.DashboardPageUC.dashBoardPageTC_020()]]>
              </value>
            </param>
          </params>
          <reporter-output>
          </reporter-output>
        </test-method> <!-- getInfo -->
        <test-method status="FAIL" signature="dashBoardPageTC_020()[pri:0, instance:com.healthec.test.DashboardPageUC@6283d8b8]" name="dashBoardPageTC_020" duration-ms="40" started-at="2018-06-06T08:10:29Z" finished-at="2018-06-06T08:10:29Z">
          <exception class="java.lang.AssertionError">
            <message>
              <![CDATA[null]]>
            </message>
            <full-stacktrace>
              <![CDATA[java.lang.AssertionError: null
	at org.testng.Assert.fail(Assert.java:93)
	at org.testng.Assert.fail(Assert.java:100)
	at com.healthec.generic.FieldValidation.textFieldValidation(FieldValidation.java:91)
	at com.healthec.test.DashboardPageUC.dashBoardPageTC_020(DashboardPageUC.java:259)
	at sun.reflect.NativeMethodAccessorImpl.invoke0(Native Method)
	at sun.reflect.NativeMethodAccessorImpl.invoke(NativeMethodAccessorImpl.java:62)
	at sun.reflect.DelegatingMethodAccessorImpl.invoke(DelegatingMethodAccessorImpl.java:43)
	at java.lang.reflect.Method.invoke(Method.java:498)
	at org.testng.internal.MethodInvocationHelper.invokeMethod(MethodInvocationHelper.java:108)
	at org.testng.internal.Invoker.invokeMethod(Invoker.java:661)
	at org.testng.internal.Invoker.invokeTestMethod(Invoker.java:869)
	at org.testng.internal.Invoker.invokeTestMethods(Invoker.java:1193)
	at org.testng.internal.TestMethodWorker.invokeTestMethods(TestMethodWorker.java:126)
	at org.testng.internal.TestMethodWorker.run(TestMethodWorker.java:109)
	at org.testng.TestRunner.privateRun(TestRunner.java:744)
	at org.testng.TestRunner.run(TestRunner.java:602)
	at org.testng.SuiteRunner.runTest(SuiteRunner.java:380)
	at org.testng.SuiteRunner.runSequentially(SuiteRunner.java:375)
	at org.testng.SuiteRunner.privateRun(SuiteRunner.java:340)
	at org.testng.SuiteRunner.run(SuiteRunner.java:289)
	at org.testng.SuiteRunnerWorker.runSuite(SuiteRunnerWorker.java:52)
	at org.testng.SuiteRunnerWorker.run(SuiteRunnerWorker.java:86)
	at org.testng.TestNG.runSuitesSequentially(TestNG.java:1301)
	at org.testng.TestNG.runSuitesLocally(TestNG.java:1226)
	at org.testng.TestNG.runSuites(TestNG.java:1144)
	at org.testng.TestNG.run(TestNG.java:1115)
	at org.testng.IDEARemoteTestNG.run(IDEARemoteTestNG.java:72)
	at org.testng.RemoteTestNGStarter.main(RemoteTestNGStarter.java:123)
]]>
            </full-stacktrace>
          </exception> <!-- java.lang.AssertionError -->
          <reporter-output>
          </reporter-output>
        </test-method> <!-- dashBoardPageTC_020 -->
        <test-method status="PASS" signature="getResult(org.testng.ITestResult)[pri:0, instance:com.healthec.test.DashboardPageUC@6283d8b8]" name="getResult" is-config="true" duration-ms="3170" started-at="2018-06-06T08:10:29Z" finished-at="2018-06-06T08:10:32Z">
          <params>
            <param index="0">
              <value>
                <![CDATA[[TestResult name=dashBoardPageTC_020 status=FAILURE method=DashboardPageUC.dashBoardPageTC_020()[pri:0, instance:com.healthec.test.DashboardPageUC@6283d8b8] output={null}]]]>
              </value>
            </param>
          </params>
          <reporter-output>
          </reporter-output>
        </test-method> <!-- getResult -->
      </class> <!-- com.healthec.test.DashboardPageUC -->
    </test> <!-- LoginPageTest -->
  </suite> <!-- HealthEC PHR PRO Suite -->
</testng-results>
